{"/Users/anicaklin/zebrapig/libs/real-turtle/src/index.js": {"path":"/Users/anicaklin/zebrapig/libs/real-turtle/src/index.js","statementMap":{"0":{"start":{"line":10,"column":17},"end":{"line":10,"column":19}},"1":{"start":{"line":11,"column":0},"end":{"line":14,"column":1}},"2":{"start":{"line":11,"column":13},"end":{"line":11,"column":14}},"3":{"start":{"line":12,"column":2},"end":{"line":13,"column":29}},"4":{"start":{"line":18,"column":4},"end":{"line":20,"column":5}},"5":{"start":{"line":19,"column":6},"end":{"line":19,"column":46}},"6":{"start":{"line":23,"column":4},"end":{"line":26,"column":5}},"7":{"start":{"line":24,"column":6},"end":{"line":24,"column":48}},"8":{"start":{"line":25,"column":6},"end":{"line":25,"column":40}},"9":{"start":{"line":29,"column":4},"end":{"line":33,"column":5}},"10":{"start":{"line":30,"column":26},"end":{"line":30,"column":58}},"11":{"start":{"line":31,"column":6},"end":{"line":31,"column":40}},"12":{"start":{"line":32,"column":6},"end":{"line":32,"column":29}},"13":{"start":{"line":35,"column":4},"end":{"line":35,"column":35}},"14":{"start":{"line":36,"column":4},"end":{"line":44,"column":5}},"15":{"start":{"line":37,"column":6},"end":{"line":43,"column":7}},"16":{"start":{"line":38,"column":8},"end":{"line":38,"column":34}},"17":{"start":{"line":40,"column":8},"end":{"line":42,"column":9}},"18":{"start":{"line":41,"column":10},"end":{"line":41,"column":51}},"19":{"start":{"line":46,"column":4},"end":{"line":46,"column":25}},"20":{"start":{"line":47,"column":4},"end":{"line":47,"column":39}},"21":{"start":{"line":49,"column":4},"end":{"line":49,"column":23}},"22":{"start":{"line":51,"column":4},"end":{"line":51,"column":35}},"23":{"start":{"line":52,"column":4},"end":{"line":52,"column":39}},"24":{"start":{"line":53,"column":4},"end":{"line":53,"column":45}},"25":{"start":{"line":56,"column":4},"end":{"line":58,"column":5}},"26":{"start":{"line":56,"column":17},"end":{"line":56,"column":18}},"27":{"start":{"line":57,"column":6},"end":{"line":57,"column":71}},"28":{"start":{"line":60,"column":4},"end":{"line":64,"column":5}},"29":{"start":{"line":61,"column":6},"end":{"line":63,"column":14}},"30":{"start":{"line":62,"column":8},"end":{"line":62,"column":21}},"31":{"start":{"line":69,"column":4},"end":{"line":71,"column":5}},"32":{"start":{"line":70,"column":6},"end":{"line":70,"column":52}},"33":{"start":{"line":73,"column":4},"end":{"line":73,"column":42}},"34":{"start":{"line":75,"column":4},"end":{"line":75,"column":32}},"35":{"start":{"line":76,"column":4},"end":{"line":76,"column":16}},"36":{"start":{"line":80,"column":4},"end":{"line":80,"column":34}},"37":{"start":{"line":82,"column":21},"end":{"line":82,"column":23}},"38":{"start":{"line":83,"column":4},"end":{"line":85,"column":5}},"39":{"start":{"line":84,"column":6},"end":{"line":84,"column":27}},"40":{"start":{"line":87,"column":15},"end":{"line":116,"column":5}},"41":{"start":{"line":118,"column":4},"end":{"line":118,"column":22}},"42":{"start":{"line":120,"column":4},"end":{"line":124,"column":5}},"43":{"start":{"line":121,"column":6},"end":{"line":123,"column":7}},"44":{"start":{"line":121,"column":19},"end":{"line":121,"column":20}},"45":{"start":{"line":122,"column":8},"end":{"line":122,"column":40}}},"fnMap":{"0":{"name":"(anonymous_0)","decl":{"start":{"line":17,"column":2},"end":{"line":17,"column":3}},"loc":{"start":{"line":17,"column":36},"end":{"line":65,"column":3}},"line":17},"1":{"name":"(anonymous_1)","decl":{"start":{"line":61,"column":17},"end":{"line":61,"column":18}},"loc":{"start":{"line":61,"column":23},"end":{"line":63,"column":7}},"line":61},"2":{"name":"(anonymous_2)","decl":{"start":{"line":67,"column":2},"end":{"line":67,"column":3}},"loc":{"start":{"line":67,"column":16},"end":{"line":77,"column":3}},"line":67},"3":{"name":"(anonymous_3)","decl":{"start":{"line":79,"column":2},"end":{"line":79,"column":3}},"loc":{"start":{"line":79,"column":33},"end":{"line":125,"column":3}},"line":79}},"branchMap":{"0":{"loc":{"start":{"line":17,"column":22},"end":{"line":17,"column":34}},"type":"default-arg","locations":[{"start":{"line":17,"column":32},"end":{"line":17,"column":34}}],"line":17},"1":{"loc":{"start":{"line":18,"column":4},"end":{"line":20,"column":5}},"type":"if","locations":[{"start":{"line":18,"column":4},"end":{"line":20,"column":5}},{"start":{},"end":{}}],"line":18},"2":{"loc":{"start":{"line":23,"column":4},"end":{"line":26,"column":5}},"type":"if","locations":[{"start":{"line":23,"column":4},"end":{"line":26,"column":5}},{"start":{},"end":{}}],"line":23},"3":{"loc":{"start":{"line":29,"column":4},"end":{"line":33,"column":5}},"type":"if","locations":[{"start":{"line":29,"column":4},"end":{"line":33,"column":5}},{"start":{},"end":{}}],"line":29},"4":{"loc":{"start":{"line":37,"column":6},"end":{"line":43,"column":7}},"type":"if","locations":[{"start":{"line":37,"column":6},"end":{"line":43,"column":7}},{"start":{"line":39,"column":13},"end":{"line":43,"column":7}}],"line":37},"5":{"loc":{"start":{"line":37,"column":10},"end":{"line":37,"column":52}},"type":"binary-expr","locations":[{"start":{"line":37,"column":10},"end":{"line":37,"column":35}},{"start":{"line":37,"column":39},"end":{"line":37,"column":52}}],"line":37},"6":{"loc":{"start":{"line":60,"column":4},"end":{"line":64,"column":5}},"type":"if","locations":[{"start":{"line":60,"column":4},"end":{"line":64,"column":5}},{"start":{},"end":{}}],"line":60},"7":{"loc":{"start":{"line":69,"column":4},"end":{"line":71,"column":5}},"type":"if","locations":[{"start":{"line":69,"column":4},"end":{"line":71,"column":5}},{"start":{},"end":{}}],"line":69},"8":{"loc":{"start":{"line":120,"column":4},"end":{"line":124,"column":5}},"type":"if","locations":[{"start":{"line":120,"column":4},"end":{"line":124,"column":5}},{"start":{},"end":{}}],"line":120}},"s":{"0":1,"1":1,"2":1,"3":38,"4":48,"5":0,"6":48,"7":48,"8":48,"9":48,"10":0,"11":0,"12":0,"13":48,"14":48,"15":145,"16":99,"17":46,"18":184,"19":48,"20":48,"21":48,"22":48,"23":48,"24":48,"25":48,"26":48,"27":1824,"28":48,"29":0,"30":0,"31":46,"32":46,"33":46,"34":46,"35":46,"36":1824,"37":1824,"38":1824,"39":1776,"40":1824,"41":1824,"42":1824,"43":288,"44":288,"45":288},"f":{"0":48,"1":0,"2":46,"3":1824},"b":{"0":[1],"1":[0,48],"2":[48,0],"3":[0,48],"4":[99,46],"5":[145,46],"6":[0,48],"7":[46,0],"8":[288,1536]},"_coverageSchema":"1a1c01bbd47fc00a2c39e90264f33305004495a9","hash":"0a3167fed0de065610d06e46f70c06d6f9165c3f"}
,"/Users/anicaklin/zebrapig/libs/real-turtle/src/classes/commands/arc.js": {"path":"/Users/anicaklin/zebrapig/libs/real-turtle/src/classes/commands/arc.js","statementMap":{"0":{"start":{"line":4,"column":18},"end":{"line":8,"column":3}},"1":{"start":{"line":11,"column":4},"end":{"line":11,"column":19}},"2":{"start":{"line":16,"column":6},"end":{"line":20,"column":7}},"3":{"start":{"line":22,"column":4},"end":{"line":24,"column":6}},"4":{"start":{"line":28,"column":4},"end":{"line":30,"column":5}},"5":{"start":{"line":29,"column":6},"end":{"line":29,"column":44}},"6":{"start":{"line":32,"column":23},"end":{"line":32,"column":25}},"7":{"start":{"line":33,"column":4},"end":{"line":35,"column":5}},"8":{"start":{"line":34,"column":6},"end":{"line":34,"column":35}},"9":{"start":{"line":37,"column":4},"end":{"line":40,"column":28}},"10":{"start":{"line":42,"column":4},"end":{"line":46,"column":66}},"11":{"start":{"line":48,"column":4},"end":{"line":49,"column":77}},"12":{"start":{"line":53,"column":4},"end":{"line":94,"column":7}},"13":{"start":{"line":55,"column":8},"end":{"line":58,"column":50}},"14":{"start":{"line":61,"column":8},"end":{"line":62,"column":70}},"15":{"start":{"line":64,"column":8},"end":{"line":65,"column":70}},"16":{"start":{"line":67,"column":6},"end":{"line":69,"column":7}},"17":{"start":{"line":68,"column":8},"end":{"line":68,"column":24}},"18":{"start":{"line":71,"column":6},"end":{"line":78,"column":8}},"19":{"start":{"line":80,"column":6},"end":{"line":80,"column":41}},"20":{"start":{"line":81,"column":6},"end":{"line":83,"column":8}},"21":{"start":{"line":85,"column":6},"end":{"line":87,"column":7}},"22":{"start":{"line":86,"column":8},"end":{"line":86,"column":21}},"23":{"start":{"line":89,"column":6},"end":{"line":91,"column":7}},"24":{"start":{"line":90,"column":8},"end":{"line":90,"column":24}},"25":{"start":{"line":93,"column":6},"end":{"line":93,"column":16}}},"fnMap":{"0":{"name":"(anonymous_0)","decl":{"start":{"line":10,"column":2},"end":{"line":10,"column":3}},"loc":{"start":{"line":10,"column":23},"end":{"line":12,"column":3}},"line":10},"1":{"name":"(anonymous_1)","decl":{"start":{"line":14,"column":2},"end":{"line":14,"column":3}},"loc":{"start":{"line":14,"column":17},"end":{"line":25,"column":3}},"line":14},"2":{"name":"(anonymous_2)","decl":{"start":{"line":27,"column":2},"end":{"line":27,"column":3}},"loc":{"start":{"line":27,"column":16},"end":{"line":50,"column":3}},"line":27},"3":{"name":"(anonymous_3)","decl":{"start":{"line":52,"column":2},"end":{"line":52,"column":3}},"loc":{"start":{"line":52,"column":31},"end":{"line":95,"column":3}},"line":52},"4":{"name":"(anonymous_4)","decl":{"start":{"line":53,"column":23},"end":{"line":53,"column":24}},"loc":{"start":{"line":53,"column":36},"end":{"line":94,"column":5}},"line":53}},"branchMap":{"0":{"loc":{"start":{"line":28,"column":4},"end":{"line":30,"column":5}},"type":"if","locations":[{"start":{"line":28,"column":4},"end":{"line":30,"column":5}},{"start":{},"end":{}}],"line":28},"1":{"loc":{"start":{"line":33,"column":4},"end":{"line":35,"column":5}},"type":"if","locations":[{"start":{"line":33,"column":4},"end":{"line":35,"column":5}},{"start":{},"end":{}}],"line":33},"2":{"loc":{"start":{"line":49,"column":7},"end":{"line":49,"column":46}},"type":"cond-expr","locations":[{"start":{"line":49,"column":39},"end":{"line":49,"column":40}},{"start":{"line":49,"column":43},"end":{"line":49,"column":46}}],"line":49},"3":{"loc":{"start":{"line":58,"column":11},"end":{"line":58,"column":49}},"type":"cond-expr","locations":[{"start":{"line":58,"column":43},"end":{"line":58,"column":45}},{"start":{"line":58,"column":48},"end":{"line":58,"column":49}}],"line":58},"4":{"loc":{"start":{"line":67,"column":6},"end":{"line":69,"column":7}},"type":"if","locations":[{"start":{"line":67,"column":6},"end":{"line":69,"column":7}},{"start":{},"end":{}}],"line":67},"5":{"loc":{"start":{"line":67,"column":10},"end":{"line":67,"column":56}},"type":"binary-expr","locations":[{"start":{"line":67,"column":10},"end":{"line":67,"column":32}},{"start":{"line":67,"column":36},"end":{"line":67,"column":56}}],"line":67},"6":{"loc":{"start":{"line":82,"column":24},"end":{"line":82,"column":63}},"type":"cond-expr","locations":[{"start":{"line":82,"column":56},"end":{"line":82,"column":57}},{"start":{"line":82,"column":60},"end":{"line":82,"column":63}}],"line":82},"7":{"loc":{"start":{"line":85,"column":6},"end":{"line":87,"column":7}},"type":"if","locations":[{"start":{"line":85,"column":6},"end":{"line":87,"column":7}},{"start":{},"end":{}}],"line":85},"8":{"loc":{"start":{"line":89,"column":6},"end":{"line":91,"column":7}},"type":"if","locations":[{"start":{"line":89,"column":6},"end":{"line":91,"column":7}},{"start":{},"end":{}}],"line":89}},"s":{"0":1,"1":2,"2":2,"3":2,"4":2,"5":1,"6":2,"7":2,"8":1,"9":2,"10":2,"11":2,"12":4,"13":4,"14":4,"15":4,"16":4,"17":4,"18":4,"19":4,"20":4,"21":4,"22":4,"23":4,"24":4,"25":4},"f":{"0":2,"1":2,"2":2,"3":4,"4":4},"b":{"0":[1,1],"1":[1,1],"2":[1,1],"3":[2,2],"4":[4,0],"5":[4,0],"6":[2,2],"7":[4,0],"8":[4,0]},"_coverageSchema":"1a1c01bbd47fc00a2c39e90264f33305004495a9","hash":"17ffa3bb4a378523f129fe65b0b01ac05e8abb10"}
,"/Users/anicaklin/zebrapig/libs/real-turtle/src/classes/commands/back.js": {"path":"/Users/anicaklin/zebrapig/libs/real-turtle/src/classes/commands/back.js","statementMap":{"0":{"start":{"line":6,"column":19},"end":{"line":6,"column":25}},"1":{"start":{"line":8,"column":18},"end":{"line":8,"column":41}},"2":{"start":{"line":11,"column":4},"end":{"line":11,"column":19}},"3":{"start":{"line":15,"column":4},"end":{"line":15,"column":71}},"4":{"start":{"line":17,"column":4},"end":{"line":17,"column":48}},"5":{"start":{"line":21,"column":4},"end":{"line":21,"column":47}},"6":{"start":{"line":25,"column":4},"end":{"line":28,"column":7}},"7":{"start":{"line":26,"column":6},"end":{"line":26,"column":52}},"8":{"start":{"line":27,"column":6},"end":{"line":27,"column":16}}},"fnMap":{"0":{"name":"(anonymous_0)","decl":{"start":{"line":10,"column":2},"end":{"line":10,"column":3}},"loc":{"start":{"line":10,"column":23},"end":{"line":12,"column":3}},"line":10},"1":{"name":"(anonymous_1)","decl":{"start":{"line":14,"column":2},"end":{"line":14,"column":3}},"loc":{"start":{"line":14,"column":17},"end":{"line":18,"column":3}},"line":14},"2":{"name":"(anonymous_2)","decl":{"start":{"line":20,"column":2},"end":{"line":20,"column":3}},"loc":{"start":{"line":20,"column":16},"end":{"line":22,"column":3}},"line":20},"3":{"name":"(anonymous_3)","decl":{"start":{"line":24,"column":2},"end":{"line":24,"column":3}},"loc":{"start":{"line":24,"column":31},"end":{"line":29,"column":3}},"line":24},"4":{"name":"(anonymous_4)","decl":{"start":{"line":25,"column":23},"end":{"line":25,"column":24}},"loc":{"start":{"line":25,"column":42},"end":{"line":28,"column":5}},"line":25}},"branchMap":{},"s":{"0":1,"1":1,"2":1,"3":1,"4":1,"5":1,"6":2,"7":2,"8":2},"f":{"0":1,"1":1,"2":1,"3":2,"4":2},"b":{},"_coverageSchema":"1a1c01bbd47fc00a2c39e90264f33305004495a9","hash":"5c7513316f2ac33b8da932eba208dc784070ec8b"}
,"/Users/anicaklin/zebrapig/libs/real-turtle/src/classes/commands/beginPath.js": {"path":"/Users/anicaklin/zebrapig/libs/real-turtle/src/classes/commands/beginPath.js","statementMap":{"0":{"start":{"line":4,"column":18},"end":{"line":4,"column":20}},"1":{"start":{"line":7,"column":4},"end":{"line":7,"column":19}},"2":{"start":{"line":11,"column":4},"end":{"line":13,"column":6}},"3":{"start":{"line":19,"column":4},"end":{"line":24,"column":7}},"4":{"start":{"line":20,"column":6},"end":{"line":20,"column":22}},"5":{"start":{"line":21,"column":6},"end":{"line":21,"column":77}},"6":{"start":{"line":22,"column":6},"end":{"line":22,"column":37}},"7":{"start":{"line":23,"column":6},"end":{"line":23,"column":16}}},"fnMap":{"0":{"name":"(anonymous_0)","decl":{"start":{"line":6,"column":2},"end":{"line":6,"column":3}},"loc":{"start":{"line":6,"column":23},"end":{"line":8,"column":3}},"line":6},"1":{"name":"(anonymous_1)","decl":{"start":{"line":10,"column":2},"end":{"line":10,"column":3}},"loc":{"start":{"line":10,"column":17},"end":{"line":14,"column":3}},"line":10},"2":{"name":"(anonymous_2)","decl":{"start":{"line":16,"column":2},"end":{"line":16,"column":3}},"loc":{"start":{"line":16,"column":16},"end":{"line":16,"column":18}},"line":16},"3":{"name":"(anonymous_3)","decl":{"start":{"line":18,"column":2},"end":{"line":18,"column":3}},"loc":{"start":{"line":18,"column":31},"end":{"line":25,"column":3}},"line":18},"4":{"name":"(anonymous_4)","decl":{"start":{"line":19,"column":23},"end":{"line":19,"column":24}},"loc":{"start":{"line":19,"column":36},"end":{"line":24,"column":5}},"line":19}},"branchMap":{},"s":{"0":1,"1":6,"2":6,"3":14,"4":14,"5":14,"6":14,"7":14},"f":{"0":6,"1":6,"2":6,"3":14,"4":14},"b":{},"_coverageSchema":"1a1c01bbd47fc00a2c39e90264f33305004495a9","hash":"9a07be6979f622af90b2423789256c887a942031"}
,"/Users/anicaklin/zebrapig/libs/real-turtle/src/classes/commands/clear.js": {"path":"/Users/anicaklin/zebrapig/libs/real-turtle/src/classes/commands/clear.js","statementMap":{"0":{"start":{"line":4,"column":18},"end":{"line":4,"column":20}},"1":{"start":{"line":7,"column":4},"end":{"line":7,"column":19}},"2":{"start":{"line":11,"column":4},"end":{"line":13,"column":6}},"3":{"start":{"line":19,"column":4},"end":{"line":22,"column":7}},"4":{"start":{"line":20,"column":6},"end":{"line":20,"column":63}},"5":{"start":{"line":21,"column":6},"end":{"line":21,"column":16}}},"fnMap":{"0":{"name":"(anonymous_0)","decl":{"start":{"line":6,"column":2},"end":{"line":6,"column":3}},"loc":{"start":{"line":6,"column":23},"end":{"line":8,"column":3}},"line":6},"1":{"name":"(anonymous_1)","decl":{"start":{"line":10,"column":2},"end":{"line":10,"column":3}},"loc":{"start":{"line":10,"column":17},"end":{"line":14,"column":3}},"line":10},"2":{"name":"(anonymous_2)","decl":{"start":{"line":16,"column":2},"end":{"line":16,"column":3}},"loc":{"start":{"line":16,"column":16},"end":{"line":16,"column":18}},"line":16},"3":{"name":"(anonymous_3)","decl":{"start":{"line":18,"column":2},"end":{"line":18,"column":3}},"loc":{"start":{"line":18,"column":31},"end":{"line":23,"column":3}},"line":18},"4":{"name":"(anonymous_4)","decl":{"start":{"line":19,"column":23},"end":{"line":19,"column":24}},"loc":{"start":{"line":19,"column":36},"end":{"line":22,"column":5}},"line":19}},"branchMap":{},"s":{"0":1,"1":2,"2":2,"3":4,"4":4,"5":4},"f":{"0":2,"1":2,"2":2,"3":4,"4":4},"b":{},"_coverageSchema":"1a1c01bbd47fc00a2c39e90264f33305004495a9","hash":"56090dcfe3cf18c846a9898c1881220a7492c966"}
,"/Users/anicaklin/zebrapig/libs/real-turtle/src/classes/commands/closePath.js": {"path":"/Users/anicaklin/zebrapig/libs/real-turtle/src/classes/commands/closePath.js","statementMap":{"0":{"start":{"line":4,"column":18},"end":{"line":4,"column":20}},"1":{"start":{"line":7,"column":4},"end":{"line":7,"column":19}},"2":{"start":{"line":11,"column":4},"end":{"line":13,"column":6}},"3":{"start":{"line":19,"column":4},"end":{"line":23,"column":7}},"4":{"start":{"line":20,"column":6},"end":{"line":20,"column":22}},"5":{"start":{"line":21,"column":6},"end":{"line":21,"column":38}},"6":{"start":{"line":22,"column":6},"end":{"line":22,"column":16}}},"fnMap":{"0":{"name":"(anonymous_0)","decl":{"start":{"line":6,"column":2},"end":{"line":6,"column":3}},"loc":{"start":{"line":6,"column":23},"end":{"line":8,"column":3}},"line":6},"1":{"name":"(anonymous_1)","decl":{"start":{"line":10,"column":2},"end":{"line":10,"column":3}},"loc":{"start":{"line":10,"column":17},"end":{"line":14,"column":3}},"line":10},"2":{"name":"(anonymous_2)","decl":{"start":{"line":16,"column":2},"end":{"line":16,"column":3}},"loc":{"start":{"line":16,"column":16},"end":{"line":16,"column":18}},"line":16},"3":{"name":"(anonymous_3)","decl":{"start":{"line":18,"column":2},"end":{"line":18,"column":3}},"loc":{"start":{"line":18,"column":31},"end":{"line":24,"column":3}},"line":18},"4":{"name":"(anonymous_4)","decl":{"start":{"line":19,"column":23},"end":{"line":19,"column":24}},"loc":{"start":{"line":19,"column":36},"end":{"line":23,"column":5}},"line":19}},"branchMap":{},"s":{"0":1,"1":5,"2":7,"3":12,"4":12,"5":12,"6":12},"f":{"0":5,"1":7,"2":5,"3":12,"4":12},"b":{},"_coverageSchema":"1a1c01bbd47fc00a2c39e90264f33305004495a9","hash":"291b03801ee1619496052e125ee93eb9bcb5cda8"}
,"/Users/anicaklin/zebrapig/libs/real-turtle/src/classes/commands/eval.js": {"path":"/Users/anicaklin/zebrapig/libs/real-turtle/src/classes/commands/eval.js","statementMap":{"0":{"start":{"line":4,"column":18},"end":{"line":4,"column":42}},"1":{"start":{"line":6,"column":4},"end":{"line":6,"column":19}},"2":{"start":{"line":10,"column":4},"end":{"line":12,"column":6}},"3":{"start":{"line":16,"column":4},"end":{"line":16,"column":26}},"4":{"start":{"line":20,"column":4},"end":{"line":26,"column":7}},"5":{"start":{"line":21,"column":6},"end":{"line":23,"column":7}},"6":{"start":{"line":22,"column":8},"end":{"line":22,"column":34}},"7":{"start":{"line":24,"column":6},"end":{"line":24,"column":27}},"8":{"start":{"line":25,"column":6},"end":{"line":25,"column":16}}},"fnMap":{"0":{"name":"(anonymous_0)","decl":{"start":{"line":5,"column":2},"end":{"line":5,"column":3}},"loc":{"start":{"line":5,"column":23},"end":{"line":7,"column":3}},"line":5},"1":{"name":"(anonymous_1)","decl":{"start":{"line":9,"column":2},"end":{"line":9,"column":3}},"loc":{"start":{"line":9,"column":17},"end":{"line":13,"column":3}},"line":9},"2":{"name":"(anonymous_2)","decl":{"start":{"line":15,"column":2},"end":{"line":15,"column":3}},"loc":{"start":{"line":15,"column":16},"end":{"line":17,"column":3}},"line":15},"3":{"name":"(anonymous_3)","decl":{"start":{"line":19,"column":2},"end":{"line":19,"column":3}},"loc":{"start":{"line":19,"column":31},"end":{"line":27,"column":3}},"line":19},"4":{"name":"(anonymous_4)","decl":{"start":{"line":20,"column":23},"end":{"line":20,"column":24}},"loc":{"start":{"line":20,"column":42},"end":{"line":26,"column":5}},"line":20}},"branchMap":{"0":{"loc":{"start":{"line":21,"column":6},"end":{"line":23,"column":7}},"type":"if","locations":[{"start":{"line":21,"column":6},"end":{"line":23,"column":7}},{"start":{},"end":{}}],"line":21}},"s":{"0":1,"1":1,"2":2,"3":1,"4":3,"5":3,"6":1,"7":3,"8":3},"f":{"0":1,"1":2,"2":1,"3":3,"4":3},"b":{"0":[1,2]},"_coverageSchema":"1a1c01bbd47fc00a2c39e90264f33305004495a9","hash":"85c11a3eedc2cbd52a666128fe63664b48e01628"}
,"/Users/anicaklin/zebrapig/libs/real-turtle/src/classes/commands/fill.js": {"path":"/Users/anicaklin/zebrapig/libs/real-turtle/src/classes/commands/fill.js","statementMap":{"0":{"start":{"line":4,"column":18},"end":{"line":4,"column":20}},"1":{"start":{"line":7,"column":4},"end":{"line":7,"column":19}},"2":{"start":{"line":11,"column":4},"end":{"line":13,"column":6}},"3":{"start":{"line":19,"column":4},"end":{"line":39,"column":7}},"4":{"start":{"line":20,"column":6},"end":{"line":38,"column":7}},"5":{"start":{"line":21,"column":8},"end":{"line":21,"column":28}},"6":{"start":{"line":22,"column":8},"end":{"line":22,"column":45}},"7":{"start":{"line":23,"column":8},"end":{"line":23,"column":19}},"8":{"start":{"line":24,"column":8},"end":{"line":24,"column":18}},"9":{"start":{"line":26,"column":8},"end":{"line":31,"column":10}},"10":{"start":{"line":32,"column":8},"end":{"line":32,"column":39}},"11":{"start":{"line":33,"column":8},"end":{"line":33,"column":66}},"12":{"start":{"line":34,"column":8},"end":{"line":34,"column":35}},"13":{"start":{"line":35,"column":8},"end":{"line":35,"column":63}},"14":{"start":{"line":36,"column":8},"end":{"line":36,"column":28}},"15":{"start":{"line":37,"column":8},"end":{"line":37,"column":18}}},"fnMap":{"0":{"name":"(anonymous_0)","decl":{"start":{"line":6,"column":2},"end":{"line":6,"column":3}},"loc":{"start":{"line":6,"column":23},"end":{"line":8,"column":3}},"line":6},"1":{"name":"(anonymous_1)","decl":{"start":{"line":10,"column":2},"end":{"line":10,"column":3}},"loc":{"start":{"line":10,"column":17},"end":{"line":14,"column":3}},"line":10},"2":{"name":"(anonymous_2)","decl":{"start":{"line":16,"column":2},"end":{"line":16,"column":3}},"loc":{"start":{"line":16,"column":16},"end":{"line":16,"column":18}},"line":16},"3":{"name":"(anonymous_3)","decl":{"start":{"line":18,"column":2},"end":{"line":18,"column":3}},"loc":{"start":{"line":18,"column":31},"end":{"line":40,"column":3}},"line":18},"4":{"name":"(anonymous_4)","decl":{"start":{"line":19,"column":23},"end":{"line":19,"column":24}},"loc":{"start":{"line":19,"column":36},"end":{"line":39,"column":5}},"line":19}},"branchMap":{"0":{"loc":{"start":{"line":20,"column":6},"end":{"line":38,"column":7}},"type":"if","locations":[{"start":{"line":20,"column":6},"end":{"line":38,"column":7}},{"start":{"line":25,"column":13},"end":{"line":38,"column":7}}],"line":20}},"s":{"0":1,"1":4,"2":5,"3":11,"4":11,"5":9,"6":9,"7":9,"8":9,"9":2,"10":2,"11":2,"12":2,"13":2,"14":2,"15":2},"f":{"0":4,"1":5,"2":4,"3":11,"4":11},"b":{"0":[9,2]},"_coverageSchema":"1a1c01bbd47fc00a2c39e90264f33305004495a9","hash":"f98a3eb01793579f432739de6914c6d7c1167a37"}
,"/Users/anicaklin/zebrapig/libs/real-turtle/src/classes/commands/fillCanvas.js": {"path":"/Users/anicaklin/zebrapig/libs/real-turtle/src/classes/commands/fillCanvas.js","statementMap":{"0":{"start":{"line":4,"column":18},"end":{"line":4,"column":20}},"1":{"start":{"line":7,"column":4},"end":{"line":7,"column":19}},"2":{"start":{"line":11,"column":4},"end":{"line":13,"column":6}},"3":{"start":{"line":19,"column":4},"end":{"line":41,"column":7}},"4":{"start":{"line":20,"column":6},"end":{"line":40,"column":7}},"5":{"start":{"line":21,"column":8},"end":{"line":21,"column":28}},"6":{"start":{"line":22,"column":8},"end":{"line":22,"column":45}},"7":{"start":{"line":23,"column":8},"end":{"line":23,"column":24}},"8":{"start":{"line":24,"column":8},"end":{"line":24,"column":72}},"9":{"start":{"line":25,"column":8},"end":{"line":25,"column":19}},"10":{"start":{"line":26,"column":8},"end":{"line":26,"column":18}},"11":{"start":{"line":28,"column":8},"end":{"line":33,"column":10}},"12":{"start":{"line":34,"column":8},"end":{"line":34,"column":39}},"13":{"start":{"line":35,"column":8},"end":{"line":35,"column":66}},"14":{"start":{"line":36,"column":8},"end":{"line":36,"column":35}},"15":{"start":{"line":37,"column":8},"end":{"line":37,"column":63}},"16":{"start":{"line":38,"column":8},"end":{"line":38,"column":28}},"17":{"start":{"line":39,"column":8},"end":{"line":39,"column":18}}},"fnMap":{"0":{"name":"(anonymous_0)","decl":{"start":{"line":6,"column":2},"end":{"line":6,"column":3}},"loc":{"start":{"line":6,"column":23},"end":{"line":8,"column":3}},"line":6},"1":{"name":"(anonymous_1)","decl":{"start":{"line":10,"column":2},"end":{"line":10,"column":3}},"loc":{"start":{"line":10,"column":17},"end":{"line":14,"column":3}},"line":10},"2":{"name":"(anonymous_2)","decl":{"start":{"line":16,"column":2},"end":{"line":16,"column":3}},"loc":{"start":{"line":16,"column":16},"end":{"line":16,"column":18}},"line":16},"3":{"name":"(anonymous_3)","decl":{"start":{"line":18,"column":2},"end":{"line":18,"column":3}},"loc":{"start":{"line":18,"column":31},"end":{"line":42,"column":3}},"line":18},"4":{"name":"(anonymous_4)","decl":{"start":{"line":19,"column":23},"end":{"line":19,"column":24}},"loc":{"start":{"line":19,"column":36},"end":{"line":41,"column":5}},"line":19}},"branchMap":{"0":{"loc":{"start":{"line":20,"column":6},"end":{"line":40,"column":7}},"type":"if","locations":[{"start":{"line":20,"column":6},"end":{"line":40,"column":7}},{"start":{"line":27,"column":13},"end":{"line":40,"column":7}}],"line":20}},"s":{"0":1,"1":2,"2":2,"3":7,"4":7,"5":5,"6":5,"7":5,"8":5,"9":5,"10":5,"11":2,"12":2,"13":2,"14":2,"15":2,"16":2,"17":2},"f":{"0":2,"1":2,"2":2,"3":7,"4":7},"b":{"0":[5,2]},"_coverageSchema":"1a1c01bbd47fc00a2c39e90264f33305004495a9","hash":"5cad64227f748952f6b6c0f96a8260b8098a32ba"}
,"/Users/anicaklin/zebrapig/libs/real-turtle/src/classes/commands/fillText.js": {"path":"/Users/anicaklin/zebrapig/libs/real-turtle/src/classes/commands/fillText.js","statementMap":{"0":{"start":{"line":4,"column":18},"end":{"line":4,"column":40}},"1":{"start":{"line":7,"column":4},"end":{"line":7,"column":19}},"2":{"start":{"line":11,"column":4},"end":{"line":13,"column":6}},"3":{"start":{"line":19,"column":4},"end":{"line":36,"column":7}},"4":{"start":{"line":20,"column":6},"end":{"line":20,"column":17}},"5":{"start":{"line":22,"column":6},"end":{"line":22,"column":43}},"6":{"start":{"line":23,"column":6},"end":{"line":23,"column":43}},"7":{"start":{"line":24,"column":6},"end":{"line":24,"column":49}},"8":{"start":{"line":25,"column":6},"end":{"line":25,"column":33}},"9":{"start":{"line":27,"column":18},"end":{"line":27,"column":64}},"10":{"start":{"line":28,"column":17},"end":{"line":28,"column":54}},"11":{"start":{"line":30,"column":6},"end":{"line":30,"column":66}},"12":{"start":{"line":31,"column":6},"end":{"line":31,"column":63}},"13":{"start":{"line":33,"column":6},"end":{"line":33,"column":31}},"14":{"start":{"line":34,"column":6},"end":{"line":34,"column":20}},"15":{"start":{"line":35,"column":6},"end":{"line":35,"column":16}}},"fnMap":{"0":{"name":"(anonymous_0)","decl":{"start":{"line":6,"column":2},"end":{"line":6,"column":3}},"loc":{"start":{"line":6,"column":23},"end":{"line":8,"column":3}},"line":6},"1":{"name":"(anonymous_1)","decl":{"start":{"line":10,"column":2},"end":{"line":10,"column":3}},"loc":{"start":{"line":10,"column":17},"end":{"line":14,"column":3}},"line":10},"2":{"name":"(anonymous_2)","decl":{"start":{"line":16,"column":2},"end":{"line":16,"column":3}},"loc":{"start":{"line":16,"column":16},"end":{"line":16,"column":18}},"line":16},"3":{"name":"(anonymous_3)","decl":{"start":{"line":18,"column":2},"end":{"line":18,"column":3}},"loc":{"start":{"line":18,"column":31},"end":{"line":37,"column":3}},"line":18},"4":{"name":"(anonymous_4)","decl":{"start":{"line":19,"column":23},"end":{"line":19,"column":24}},"loc":{"start":{"line":19,"column":36},"end":{"line":36,"column":5}},"line":19}},"branchMap":{},"s":{"0":1,"1":1,"2":1,"3":2,"4":2,"5":2,"6":2,"7":2,"8":2,"9":2,"10":2,"11":2,"12":2,"13":2,"14":2,"15":2},"f":{"0":1,"1":1,"2":1,"3":2,"4":2},"b":{},"_coverageSchema":"1a1c01bbd47fc00a2c39e90264f33305004495a9","hash":"9978b8a610e1294e63ca2e04112b4737019e530c"}
,"/Users/anicaklin/zebrapig/libs/real-turtle/src/classes/commands/forward.js": {"path":"/Users/anicaklin/zebrapig/libs/real-turtle/src/classes/commands/forward.js","statementMap":{"0":{"start":{"line":6,"column":19},"end":{"line":6,"column":25}},"1":{"start":{"line":8,"column":18},"end":{"line":8,"column":41}},"2":{"start":{"line":11,"column":4},"end":{"line":11,"column":19}},"3":{"start":{"line":15,"column":4},"end":{"line":15,"column":70}},"4":{"start":{"line":17,"column":4},"end":{"line":17,"column":48}},"5":{"start":{"line":21,"column":4},"end":{"line":21,"column":47}},"6":{"start":{"line":25,"column":4},"end":{"line":28,"column":7}},"7":{"start":{"line":26,"column":6},"end":{"line":26,"column":52}},"8":{"start":{"line":27,"column":6},"end":{"line":27,"column":16}}},"fnMap":{"0":{"name":"(anonymous_0)","decl":{"start":{"line":10,"column":2},"end":{"line":10,"column":3}},"loc":{"start":{"line":10,"column":23},"end":{"line":12,"column":3}},"line":10},"1":{"name":"(anonymous_1)","decl":{"start":{"line":14,"column":2},"end":{"line":14,"column":3}},"loc":{"start":{"line":14,"column":17},"end":{"line":18,"column":3}},"line":14},"2":{"name":"(anonymous_2)","decl":{"start":{"line":20,"column":2},"end":{"line":20,"column":3}},"loc":{"start":{"line":20,"column":16},"end":{"line":22,"column":3}},"line":20},"3":{"name":"(anonymous_3)","decl":{"start":{"line":24,"column":2},"end":{"line":24,"column":3}},"loc":{"start":{"line":24,"column":31},"end":{"line":29,"column":3}},"line":24},"4":{"name":"(anonymous_4)","decl":{"start":{"line":25,"column":23},"end":{"line":25,"column":24}},"loc":{"start":{"line":25,"column":42},"end":{"line":28,"column":5}},"line":25}},"branchMap":{},"s":{"0":1,"1":1,"2":25,"3":32,"4":32,"5":25,"6":77,"7":77,"8":77},"f":{"0":25,"1":32,"2":25,"3":77,"4":77},"b":{},"_coverageSchema":"1a1c01bbd47fc00a2c39e90264f33305004495a9","hash":"a89f1aed5da4fa1160a5a06fd15d1602e3cff95d"}
,"/Users/anicaklin/zebrapig/libs/real-turtle/src/classes/commands/left.js": {"path":"/Users/anicaklin/zebrapig/libs/real-turtle/src/classes/commands/left.js","statementMap":{"0":{"start":{"line":6,"column":19},"end":{"line":6,"column":25}},"1":{"start":{"line":8,"column":18},"end":{"line":8,"column":43}},"2":{"start":{"line":11,"column":4},"end":{"line":11,"column":19}},"3":{"start":{"line":15,"column":4},"end":{"line":15,"column":75}},"4":{"start":{"line":17,"column":4},"end":{"line":17,"column":48}},"5":{"start":{"line":21,"column":4},"end":{"line":21,"column":47}},"6":{"start":{"line":25,"column":4},"end":{"line":28,"column":7}},"7":{"start":{"line":26,"column":6},"end":{"line":26,"column":52}},"8":{"start":{"line":27,"column":6},"end":{"line":27,"column":16}}},"fnMap":{"0":{"name":"(anonymous_0)","decl":{"start":{"line":10,"column":2},"end":{"line":10,"column":3}},"loc":{"start":{"line":10,"column":23},"end":{"line":12,"column":3}},"line":10},"1":{"name":"(anonymous_1)","decl":{"start":{"line":14,"column":2},"end":{"line":14,"column":3}},"loc":{"start":{"line":14,"column":17},"end":{"line":18,"column":3}},"line":14},"2":{"name":"(anonymous_2)","decl":{"start":{"line":20,"column":2},"end":{"line":20,"column":3}},"loc":{"start":{"line":20,"column":16},"end":{"line":22,"column":3}},"line":20},"3":{"name":"(anonymous_3)","decl":{"start":{"line":24,"column":2},"end":{"line":24,"column":3}},"loc":{"start":{"line":24,"column":31},"end":{"line":29,"column":3}},"line":24},"4":{"name":"(anonymous_4)","decl":{"start":{"line":25,"column":23},"end":{"line":25,"column":24}},"loc":{"start":{"line":25,"column":42},"end":{"line":28,"column":5}},"line":25}},"branchMap":{},"s":{"0":1,"1":1,"2":5,"3":6,"4":6,"5":5,"6":14,"7":14,"8":14},"f":{"0":5,"1":6,"2":5,"3":14,"4":14},"b":{},"_coverageSchema":"1a1c01bbd47fc00a2c39e90264f33305004495a9","hash":"4ab9053aea6413c28a1139d74bbccc979c7ab620"}
,"/Users/anicaklin/zebrapig/libs/real-turtle/src/classes/commands/move.js": {"path":"/Users/anicaklin/zebrapig/libs/real-turtle/src/classes/commands/move.js","statementMap":{"0":{"start":{"line":4,"column":18},"end":{"line":4,"column":41}},"1":{"start":{"line":6,"column":4},"end":{"line":6,"column":19}},"2":{"start":{"line":10,"column":4},"end":{"line":13,"column":6}},"3":{"start":{"line":17,"column":4},"end":{"line":19,"column":25}},"4":{"start":{"line":20,"column":4},"end":{"line":22,"column":25}},"5":{"start":{"line":26,"column":4},"end":{"line":47,"column":7}},"6":{"start":{"line":27,"column":17},"end":{"line":27,"column":69}},"7":{"start":{"line":28,"column":17},"end":{"line":28,"column":69}},"8":{"start":{"line":30,"column":6},"end":{"line":33,"column":7}},"9":{"start":{"line":31,"column":8},"end":{"line":31,"column":24}},"10":{"start":{"line":32,"column":8},"end":{"line":32,"column":79}},"11":{"start":{"line":35,"column":6},"end":{"line":35,"column":29}},"12":{"start":{"line":37,"column":6},"end":{"line":39,"column":7}},"13":{"start":{"line":38,"column":8},"end":{"line":38,"column":21}},"14":{"start":{"line":41,"column":6},"end":{"line":43,"column":7}},"15":{"start":{"line":42,"column":8},"end":{"line":42,"column":24}},"16":{"start":{"line":45,"column":6},"end":{"line":45,"column":41}},"17":{"start":{"line":46,"column":6},"end":{"line":46,"column":16}}},"fnMap":{"0":{"name":"(anonymous_0)","decl":{"start":{"line":5,"column":2},"end":{"line":5,"column":3}},"loc":{"start":{"line":5,"column":23},"end":{"line":7,"column":3}},"line":5},"1":{"name":"(anonymous_1)","decl":{"start":{"line":9,"column":2},"end":{"line":9,"column":3}},"loc":{"start":{"line":9,"column":17},"end":{"line":14,"column":3}},"line":9},"2":{"name":"(anonymous_2)","decl":{"start":{"line":16,"column":2},"end":{"line":16,"column":3}},"loc":{"start":{"line":16,"column":16},"end":{"line":23,"column":3}},"line":16},"3":{"name":"(anonymous_3)","decl":{"start":{"line":25,"column":2},"end":{"line":25,"column":3}},"loc":{"start":{"line":25,"column":31},"end":{"line":48,"column":3}},"line":25},"4":{"name":"(anonymous_4)","decl":{"start":{"line":26,"column":23},"end":{"line":26,"column":24}},"loc":{"start":{"line":26,"column":36},"end":{"line":47,"column":5}},"line":26}},"branchMap":{"0":{"loc":{"start":{"line":30,"column":6},"end":{"line":33,"column":7}},"type":"if","locations":[{"start":{"line":30,"column":6},"end":{"line":33,"column":7}},{"start":{},"end":{}}],"line":30},"1":{"loc":{"start":{"line":37,"column":6},"end":{"line":39,"column":7}},"type":"if","locations":[{"start":{"line":37,"column":6},"end":{"line":39,"column":7}},{"start":{},"end":{}}],"line":37},"2":{"loc":{"start":{"line":41,"column":6},"end":{"line":43,"column":7}},"type":"if","locations":[{"start":{"line":41,"column":6},"end":{"line":43,"column":7}},{"start":{},"end":{}}],"line":41}},"s":{"0":1,"1":33,"2":33,"3":26,"4":26,"5":79,"6":79,"7":79,"8":79,"9":26,"10":26,"11":79,"12":79,"13":77,"14":79,"15":26,"16":79,"17":79},"f":{"0":33,"1":33,"2":26,"3":79,"4":79},"b":{"0":[26,53],"1":[77,2],"2":[26,53]},"_coverageSchema":"1a1c01bbd47fc00a2c39e90264f33305004495a9","hash":"8d997b8c7a4819fb622558aba977ebd920d46352"}
,"/Users/anicaklin/zebrapig/libs/real-turtle/src/classes/commands/penDown.js": {"path":"/Users/anicaklin/zebrapig/libs/real-turtle/src/classes/commands/penDown.js","statementMap":{"0":{"start":{"line":4,"column":18},"end":{"line":4,"column":20}},"1":{"start":{"line":6,"column":19},"end":{"line":6,"column":27}},"2":{"start":{"line":9,"column":4},"end":{"line":9,"column":19}},"3":{"start":{"line":13,"column":4},"end":{"line":15,"column":6}},"4":{"start":{"line":21,"column":4},"end":{"line":24,"column":7}},"5":{"start":{"line":22,"column":6},"end":{"line":22,"column":39}},"6":{"start":{"line":23,"column":6},"end":{"line":23,"column":16}}},"fnMap":{"0":{"name":"(anonymous_0)","decl":{"start":{"line":8,"column":2},"end":{"line":8,"column":3}},"loc":{"start":{"line":8,"column":23},"end":{"line":10,"column":3}},"line":8},"1":{"name":"(anonymous_1)","decl":{"start":{"line":12,"column":2},"end":{"line":12,"column":3}},"loc":{"start":{"line":12,"column":17},"end":{"line":16,"column":3}},"line":12},"2":{"name":"(anonymous_2)","decl":{"start":{"line":18,"column":2},"end":{"line":18,"column":3}},"loc":{"start":{"line":18,"column":16},"end":{"line":18,"column":18}},"line":18},"3":{"name":"(anonymous_3)","decl":{"start":{"line":20,"column":2},"end":{"line":20,"column":3}},"loc":{"start":{"line":20,"column":31},"end":{"line":25,"column":3}},"line":20},"4":{"name":"(anonymous_4)","decl":{"start":{"line":21,"column":23},"end":{"line":21,"column":24}},"loc":{"start":{"line":21,"column":36},"end":{"line":24,"column":5}},"line":21}},"branchMap":{},"s":{"0":1,"1":1,"2":2,"3":2,"4":4,"5":4,"6":4},"f":{"0":2,"1":2,"2":2,"3":4,"4":4},"b":{},"_coverageSchema":"1a1c01bbd47fc00a2c39e90264f33305004495a9","hash":"5a38c4b74dd848331ed1cc2dbaaeb4b7498b5879"}
,"/Users/anicaklin/zebrapig/libs/real-turtle/src/classes/commands/penUp.js": {"path":"/Users/anicaklin/zebrapig/libs/real-turtle/src/classes/commands/penUp.js","statementMap":{"0":{"start":{"line":4,"column":18},"end":{"line":4,"column":20}},"1":{"start":{"line":6,"column":19},"end":{"line":6,"column":25}},"2":{"start":{"line":9,"column":4},"end":{"line":9,"column":19}},"3":{"start":{"line":13,"column":4},"end":{"line":15,"column":6}},"4":{"start":{"line":21,"column":4},"end":{"line":24,"column":7}},"5":{"start":{"line":22,"column":6},"end":{"line":22,"column":40}},"6":{"start":{"line":23,"column":6},"end":{"line":23,"column":16}}},"fnMap":{"0":{"name":"(anonymous_0)","decl":{"start":{"line":8,"column":2},"end":{"line":8,"column":3}},"loc":{"start":{"line":8,"column":23},"end":{"line":10,"column":3}},"line":8},"1":{"name":"(anonymous_1)","decl":{"start":{"line":12,"column":2},"end":{"line":12,"column":3}},"loc":{"start":{"line":12,"column":17},"end":{"line":16,"column":3}},"line":12},"2":{"name":"(anonymous_2)","decl":{"start":{"line":18,"column":2},"end":{"line":18,"column":3}},"loc":{"start":{"line":18,"column":16},"end":{"line":18,"column":18}},"line":18},"3":{"name":"(anonymous_3)","decl":{"start":{"line":20,"column":2},"end":{"line":20,"column":3}},"loc":{"start":{"line":20,"column":31},"end":{"line":25,"column":3}},"line":20},"4":{"name":"(anonymous_4)","decl":{"start":{"line":21,"column":23},"end":{"line":21,"column":24}},"loc":{"start":{"line":21,"column":36},"end":{"line":24,"column":5}},"line":21}},"branchMap":{},"s":{"0":1,"1":1,"2":2,"3":2,"4":4,"5":4,"6":4},"f":{"0":2,"1":2,"2":2,"3":4,"4":4},"b":{},"_coverageSchema":"1a1c01bbd47fc00a2c39e90264f33305004495a9","hash":"48f3e530ee3a3043721f0da01cdd9706c96e7a84"}
,"/Users/anicaklin/zebrapig/libs/real-turtle/src/classes/commands/resetPosition.js": {"path":"/Users/anicaklin/zebrapig/libs/real-turtle/src/classes/commands/resetPosition.js","statementMap":{"0":{"start":{"line":4,"column":18},"end":{"line":4,"column":20}},"1":{"start":{"line":7,"column":4},"end":{"line":7,"column":19}},"2":{"start":{"line":11,"column":4},"end":{"line":13,"column":6}},"3":{"start":{"line":19,"column":4},"end":{"line":22,"column":7}},"4":{"start":{"line":20,"column":6},"end":{"line":20,"column":33}},"5":{"start":{"line":21,"column":6},"end":{"line":21,"column":16}}},"fnMap":{"0":{"name":"(anonymous_0)","decl":{"start":{"line":6,"column":2},"end":{"line":6,"column":3}},"loc":{"start":{"line":6,"column":23},"end":{"line":8,"column":3}},"line":6},"1":{"name":"(anonymous_1)","decl":{"start":{"line":10,"column":2},"end":{"line":10,"column":3}},"loc":{"start":{"line":10,"column":17},"end":{"line":14,"column":3}},"line":10},"2":{"name":"(anonymous_2)","decl":{"start":{"line":16,"column":2},"end":{"line":16,"column":3}},"loc":{"start":{"line":16,"column":16},"end":{"line":16,"column":18}},"line":16},"3":{"name":"(anonymous_3)","decl":{"start":{"line":18,"column":2},"end":{"line":18,"column":3}},"loc":{"start":{"line":18,"column":31},"end":{"line":23,"column":3}},"line":18},"4":{"name":"(anonymous_4)","decl":{"start":{"line":19,"column":23},"end":{"line":19,"column":24}},"loc":{"start":{"line":19,"column":36},"end":{"line":22,"column":5}},"line":19}},"branchMap":{},"s":{"0":1,"1":1,"2":1,"3":2,"4":2,"5":2},"f":{"0":1,"1":1,"2":1,"3":2,"4":2},"b":{},"_coverageSchema":"1a1c01bbd47fc00a2c39e90264f33305004495a9","hash":"2f096612f60cdef4d93dffeffa47a4c07a98c720"}
,"/Users/anicaklin/zebrapig/libs/real-turtle/src/classes/commands/right.js": {"path":"/Users/anicaklin/zebrapig/libs/real-turtle/src/classes/commands/right.js","statementMap":{"0":{"start":{"line":6,"column":19},"end":{"line":6,"column":25}},"1":{"start":{"line":8,"column":18},"end":{"line":8,"column":43}},"2":{"start":{"line":11,"column":4},"end":{"line":11,"column":19}},"3":{"start":{"line":15,"column":4},"end":{"line":15,"column":74}},"4":{"start":{"line":17,"column":4},"end":{"line":17,"column":48}},"5":{"start":{"line":21,"column":4},"end":{"line":21,"column":47}},"6":{"start":{"line":25,"column":4},"end":{"line":28,"column":7}},"7":{"start":{"line":26,"column":6},"end":{"line":26,"column":52}},"8":{"start":{"line":27,"column":6},"end":{"line":27,"column":16}}},"fnMap":{"0":{"name":"(anonymous_0)","decl":{"start":{"line":10,"column":2},"end":{"line":10,"column":3}},"loc":{"start":{"line":10,"column":23},"end":{"line":12,"column":3}},"line":10},"1":{"name":"(anonymous_1)","decl":{"start":{"line":14,"column":2},"end":{"line":14,"column":3}},"loc":{"start":{"line":14,"column":17},"end":{"line":18,"column":3}},"line":14},"2":{"name":"(anonymous_2)","decl":{"start":{"line":20,"column":2},"end":{"line":20,"column":3}},"loc":{"start":{"line":20,"column":16},"end":{"line":22,"column":3}},"line":20},"3":{"name":"(anonymous_3)","decl":{"start":{"line":24,"column":2},"end":{"line":24,"column":3}},"loc":{"start":{"line":24,"column":31},"end":{"line":29,"column":3}},"line":24},"4":{"name":"(anonymous_4)","decl":{"start":{"line":25,"column":23},"end":{"line":25,"column":24}},"loc":{"start":{"line":25,"column":42},"end":{"line":28,"column":5}},"line":25}},"branchMap":{},"s":{"0":1,"1":1,"2":10,"3":14,"4":14,"5":10,"6":36,"7":36,"8":36},"f":{"0":10,"1":14,"2":10,"3":36,"4":36},"b":{},"_coverageSchema":"1a1c01bbd47fc00a2c39e90264f33305004495a9","hash":"77a5f6641d46452c714a90567fca25c4010582f3"}
,"/Users/anicaklin/zebrapig/libs/real-turtle/src/classes/commands/setFillStyle.js": {"path":"/Users/anicaklin/zebrapig/libs/real-turtle/src/classes/commands/setFillStyle.js","statementMap":{"0":{"start":{"line":4,"column":18},"end":{"line":6,"column":3}},"1":{"start":{"line":9,"column":4},"end":{"line":9,"column":19}},"2":{"start":{"line":13,"column":4},"end":{"line":15,"column":6}},"3":{"start":{"line":21,"column":4},"end":{"line":24,"column":7}},"4":{"start":{"line":22,"column":6},"end":{"line":22,"column":50}},"5":{"start":{"line":23,"column":6},"end":{"line":23,"column":16}}},"fnMap":{"0":{"name":"(anonymous_0)","decl":{"start":{"line":8,"column":2},"end":{"line":8,"column":3}},"loc":{"start":{"line":8,"column":23},"end":{"line":10,"column":3}},"line":8},"1":{"name":"(anonymous_1)","decl":{"start":{"line":12,"column":2},"end":{"line":12,"column":3}},"loc":{"start":{"line":12,"column":17},"end":{"line":16,"column":3}},"line":12},"2":{"name":"(anonymous_2)","decl":{"start":{"line":18,"column":2},"end":{"line":18,"column":3}},"loc":{"start":{"line":18,"column":16},"end":{"line":18,"column":18}},"line":18},"3":{"name":"(anonymous_3)","decl":{"start":{"line":20,"column":2},"end":{"line":20,"column":3}},"loc":{"start":{"line":20,"column":31},"end":{"line":25,"column":3}},"line":20},"4":{"name":"(anonymous_4)","decl":{"start":{"line":21,"column":23},"end":{"line":21,"column":24}},"loc":{"start":{"line":21,"column":36},"end":{"line":24,"column":5}},"line":21}},"branchMap":{},"s":{"0":1,"1":1,"2":1,"3":2,"4":2,"5":2},"f":{"0":1,"1":1,"2":1,"3":2,"4":2},"b":{},"_coverageSchema":"1a1c01bbd47fc00a2c39e90264f33305004495a9","hash":"b9acae5506443078bdbb8a920c656e9503f9a37f"}
,"/Users/anicaklin/zebrapig/libs/real-turtle/src/classes/commands/setFont.js": {"path":"/Users/anicaklin/zebrapig/libs/real-turtle/src/classes/commands/setFont.js","statementMap":{"0":{"start":{"line":4,"column":18},"end":{"line":6,"column":3}},"1":{"start":{"line":9,"column":4},"end":{"line":9,"column":19}},"2":{"start":{"line":13,"column":4},"end":{"line":15,"column":6}},"3":{"start":{"line":21,"column":4},"end":{"line":24,"column":7}},"4":{"start":{"line":22,"column":6},"end":{"line":22,"column":44}},"5":{"start":{"line":23,"column":6},"end":{"line":23,"column":16}}},"fnMap":{"0":{"name":"(anonymous_0)","decl":{"start":{"line":8,"column":2},"end":{"line":8,"column":3}},"loc":{"start":{"line":8,"column":23},"end":{"line":10,"column":3}},"line":8},"1":{"name":"(anonymous_1)","decl":{"start":{"line":12,"column":2},"end":{"line":12,"column":3}},"loc":{"start":{"line":12,"column":17},"end":{"line":16,"column":3}},"line":12},"2":{"name":"(anonymous_2)","decl":{"start":{"line":18,"column":2},"end":{"line":18,"column":3}},"loc":{"start":{"line":18,"column":16},"end":{"line":18,"column":18}},"line":18},"3":{"name":"(anonymous_3)","decl":{"start":{"line":20,"column":2},"end":{"line":20,"column":3}},"loc":{"start":{"line":20,"column":31},"end":{"line":25,"column":3}},"line":20},"4":{"name":"(anonymous_4)","decl":{"start":{"line":21,"column":23},"end":{"line":21,"column":24}},"loc":{"start":{"line":21,"column":36},"end":{"line":24,"column":5}},"line":21}},"branchMap":{},"s":{"0":1,"1":1,"2":1,"3":2,"4":2,"5":2},"f":{"0":1,"1":1,"2":1,"3":2,"4":2},"b":{},"_coverageSchema":"1a1c01bbd47fc00a2c39e90264f33305004495a9","hash":"fed39aded277c7ac38ab319b16d7d0463c8f3b11"}
,"/Users/anicaklin/zebrapig/libs/real-turtle/src/classes/commands/setIcon.js": {"path":"/Users/anicaklin/zebrapig/libs/real-turtle/src/classes/commands/setIcon.js","statementMap":{"0":{"start":{"line":4,"column":18},"end":{"line":6,"column":3}},"1":{"start":{"line":9,"column":4},"end":{"line":9,"column":19}},"2":{"start":{"line":13,"column":4},"end":{"line":15,"column":6}},"3":{"start":{"line":21,"column":4},"end":{"line":35,"column":7}},"4":{"start":{"line":22,"column":17},"end":{"line":22,"column":34}},"5":{"start":{"line":24,"column":24},"end":{"line":24,"column":56}},"6":{"start":{"line":25,"column":16},"end":{"line":25,"column":44}},"7":{"start":{"line":26,"column":6},"end":{"line":26,"column":51}},"8":{"start":{"line":27,"column":6},"end":{"line":27,"column":31}},"9":{"start":{"line":28,"column":6},"end":{"line":28,"column":59}},"10":{"start":{"line":29,"column":6},"end":{"line":29,"column":74}},"11":{"start":{"line":31,"column":18},"end":{"line":31,"column":41}},"12":{"start":{"line":33,"column":6},"end":{"line":33,"column":39}},"13":{"start":{"line":34,"column":6},"end":{"line":34,"column":16}}},"fnMap":{"0":{"name":"(anonymous_0)","decl":{"start":{"line":8,"column":2},"end":{"line":8,"column":3}},"loc":{"start":{"line":8,"column":23},"end":{"line":10,"column":3}},"line":8},"1":{"name":"(anonymous_1)","decl":{"start":{"line":12,"column":2},"end":{"line":12,"column":3}},"loc":{"start":{"line":12,"column":17},"end":{"line":16,"column":3}},"line":12},"2":{"name":"(anonymous_2)","decl":{"start":{"line":18,"column":2},"end":{"line":18,"column":3}},"loc":{"start":{"line":18,"column":16},"end":{"line":18,"column":18}},"line":18},"3":{"name":"(anonymous_3)","decl":{"start":{"line":20,"column":2},"end":{"line":20,"column":3}},"loc":{"start":{"line":20,"column":31},"end":{"line":36,"column":3}},"line":20},"4":{"name":"(anonymous_4)","decl":{"start":{"line":21,"column":23},"end":{"line":21,"column":24}},"loc":{"start":{"line":21,"column":42},"end":{"line":35,"column":5}},"line":21}},"branchMap":{},"s":{"0":1,"1":0,"2":0,"3":0,"4":0,"5":0,"6":0,"7":0,"8":0,"9":0,"10":0,"11":0,"12":0,"13":0},"f":{"0":0,"1":0,"2":0,"3":0,"4":0},"b":{},"_coverageSchema":"1a1c01bbd47fc00a2c39e90264f33305004495a9","hash":"121240378688771efddd40f57747c177262a998c"}
,"/Users/anicaklin/zebrapig/libs/real-turtle/src/classes/commands/setImage.js": {"path":"/Users/anicaklin/zebrapig/libs/real-turtle/src/classes/commands/setImage.js","statementMap":{"0":{"start":{"line":4,"column":18},"end":{"line":6,"column":3}},"1":{"start":{"line":9,"column":4},"end":{"line":9,"column":19}},"2":{"start":{"line":13,"column":4},"end":{"line":15,"column":6}},"3":{"start":{"line":21,"column":4},"end":{"line":24,"column":7}},"4":{"start":{"line":22,"column":6},"end":{"line":22,"column":50}},"5":{"start":{"line":23,"column":6},"end":{"line":23,"column":16}}},"fnMap":{"0":{"name":"(anonymous_0)","decl":{"start":{"line":8,"column":2},"end":{"line":8,"column":3}},"loc":{"start":{"line":8,"column":23},"end":{"line":10,"column":3}},"line":8},"1":{"name":"(anonymous_1)","decl":{"start":{"line":12,"column":2},"end":{"line":12,"column":3}},"loc":{"start":{"line":12,"column":17},"end":{"line":16,"column":3}},"line":12},"2":{"name":"(anonymous_2)","decl":{"start":{"line":18,"column":2},"end":{"line":18,"column":3}},"loc":{"start":{"line":18,"column":16},"end":{"line":18,"column":18}},"line":18},"3":{"name":"(anonymous_3)","decl":{"start":{"line":20,"column":2},"end":{"line":20,"column":3}},"loc":{"start":{"line":20,"column":31},"end":{"line":25,"column":3}},"line":20},"4":{"name":"(anonymous_4)","decl":{"start":{"line":21,"column":23},"end":{"line":21,"column":24}},"loc":{"start":{"line":21,"column":42},"end":{"line":24,"column":5}},"line":21}},"branchMap":{},"s":{"0":1,"1":0,"2":0,"3":0,"4":0,"5":0},"f":{"0":0,"1":0,"2":0,"3":0,"4":0},"b":{},"_coverageSchema":"1a1c01bbd47fc00a2c39e90264f33305004495a9","hash":"cbda4a0e1924a5b3be01d321f028032aa47e1ca4"}
,"/Users/anicaklin/zebrapig/libs/real-turtle/src/classes/commands/setInitialPosition.js": {"path":"/Users/anicaklin/zebrapig/libs/real-turtle/src/classes/commands/setInitialPosition.js","statementMap":{"0":{"start":{"line":4,"column":18},"end":{"line":4,"column":54}},"1":{"start":{"line":6,"column":4},"end":{"line":6,"column":19}},"2":{"start":{"line":10,"column":4},"end":{"line":12,"column":6}},"3":{"start":{"line":18,"column":4},"end":{"line":21,"column":7}},"4":{"start":{"line":19,"column":6},"end":{"line":19,"column":68}},"5":{"start":{"line":20,"column":6},"end":{"line":20,"column":16}}},"fnMap":{"0":{"name":"(anonymous_0)","decl":{"start":{"line":5,"column":2},"end":{"line":5,"column":3}},"loc":{"start":{"line":5,"column":23},"end":{"line":7,"column":3}},"line":5},"1":{"name":"(anonymous_1)","decl":{"start":{"line":9,"column":2},"end":{"line":9,"column":3}},"loc":{"start":{"line":9,"column":17},"end":{"line":13,"column":3}},"line":9},"2":{"name":"(anonymous_2)","decl":{"start":{"line":15,"column":2},"end":{"line":15,"column":3}},"loc":{"start":{"line":15,"column":16},"end":{"line":15,"column":18}},"line":15},"3":{"name":"(anonymous_3)","decl":{"start":{"line":17,"column":2},"end":{"line":17,"column":3}},"loc":{"start":{"line":17,"column":31},"end":{"line":22,"column":3}},"line":17},"4":{"name":"(anonymous_4)","decl":{"start":{"line":18,"column":23},"end":{"line":18,"column":24}},"loc":{"start":{"line":18,"column":36},"end":{"line":21,"column":5}},"line":18}},"branchMap":{},"s":{"0":1,"1":1,"2":1,"3":2,"4":2,"5":2},"f":{"0":1,"1":1,"2":1,"3":2,"4":2},"b":{},"_coverageSchema":"1a1c01bbd47fc00a2c39e90264f33305004495a9","hash":"0642d26c2a0912293a140d93853837036bbc0160"}
,"/Users/anicaklin/zebrapig/libs/real-turtle/src/classes/commands/setInitialRotation.js": {"path":"/Users/anicaklin/zebrapig/libs/real-turtle/src/classes/commands/setInitialRotation.js","statementMap":{"0":{"start":{"line":4,"column":18},"end":{"line":4,"column":43}},"1":{"start":{"line":7,"column":4},"end":{"line":7,"column":19}},"2":{"start":{"line":11,"column":4},"end":{"line":13,"column":6}},"3":{"start":{"line":19,"column":4},"end":{"line":22,"column":7}},"4":{"start":{"line":20,"column":6},"end":{"line":20,"column":58}},"5":{"start":{"line":21,"column":6},"end":{"line":21,"column":16}}},"fnMap":{"0":{"name":"(anonymous_0)","decl":{"start":{"line":6,"column":2},"end":{"line":6,"column":3}},"loc":{"start":{"line":6,"column":23},"end":{"line":8,"column":3}},"line":6},"1":{"name":"(anonymous_1)","decl":{"start":{"line":10,"column":2},"end":{"line":10,"column":3}},"loc":{"start":{"line":10,"column":17},"end":{"line":14,"column":3}},"line":10},"2":{"name":"(anonymous_2)","decl":{"start":{"line":16,"column":2},"end":{"line":16,"column":3}},"loc":{"start":{"line":16,"column":16},"end":{"line":16,"column":18}},"line":16},"3":{"name":"(anonymous_3)","decl":{"start":{"line":18,"column":2},"end":{"line":18,"column":3}},"loc":{"start":{"line":18,"column":31},"end":{"line":23,"column":3}},"line":18},"4":{"name":"(anonymous_4)","decl":{"start":{"line":19,"column":23},"end":{"line":19,"column":24}},"loc":{"start":{"line":19,"column":36},"end":{"line":22,"column":5}},"line":19}},"branchMap":{},"s":{"0":1,"1":1,"2":1,"3":2,"4":2,"5":2},"f":{"0":1,"1":1,"2":1,"3":2,"4":2},"b":{},"_coverageSchema":"1a1c01bbd47fc00a2c39e90264f33305004495a9","hash":"3bc2edfb1980355498be5c318716f83c50e35752"}
,"/Users/anicaklin/zebrapig/libs/real-turtle/src/classes/commands/setLineCap.js": {"path":"/Users/anicaklin/zebrapig/libs/real-turtle/src/classes/commands/setLineCap.js","statementMap":{"0":{"start":{"line":4,"column":18},"end":{"line":6,"column":3}},"1":{"start":{"line":9,"column":4},"end":{"line":9,"column":19}},"2":{"start":{"line":13,"column":4},"end":{"line":15,"column":6}},"3":{"start":{"line":21,"column":4},"end":{"line":25,"column":7}},"4":{"start":{"line":22,"column":6},"end":{"line":22,"column":39}},"5":{"start":{"line":23,"column":6},"end":{"line":23,"column":48}},"6":{"start":{"line":24,"column":6},"end":{"line":24,"column":16}}},"fnMap":{"0":{"name":"(anonymous_0)","decl":{"start":{"line":8,"column":2},"end":{"line":8,"column":3}},"loc":{"start":{"line":8,"column":23},"end":{"line":10,"column":3}},"line":8},"1":{"name":"(anonymous_1)","decl":{"start":{"line":12,"column":2},"end":{"line":12,"column":3}},"loc":{"start":{"line":12,"column":17},"end":{"line":16,"column":3}},"line":12},"2":{"name":"(anonymous_2)","decl":{"start":{"line":18,"column":2},"end":{"line":18,"column":3}},"loc":{"start":{"line":18,"column":16},"end":{"line":18,"column":18}},"line":18},"3":{"name":"(anonymous_3)","decl":{"start":{"line":20,"column":2},"end":{"line":20,"column":3}},"loc":{"start":{"line":20,"column":31},"end":{"line":26,"column":3}},"line":20},"4":{"name":"(anonymous_4)","decl":{"start":{"line":21,"column":23},"end":{"line":21,"column":24}},"loc":{"start":{"line":21,"column":36},"end":{"line":25,"column":5}},"line":21}},"branchMap":{},"s":{"0":1,"1":1,"2":1,"3":2,"4":2,"5":2,"6":2},"f":{"0":1,"1":1,"2":1,"3":2,"4":2},"b":{},"_coverageSchema":"1a1c01bbd47fc00a2c39e90264f33305004495a9","hash":"4e51f7a70e404845aff5ad6a7f03395b97e5e18e"}
,"/Users/anicaklin/zebrapig/libs/real-turtle/src/classes/commands/setLineJoin.js": {"path":"/Users/anicaklin/zebrapig/libs/real-turtle/src/classes/commands/setLineJoin.js","statementMap":{"0":{"start":{"line":4,"column":18},"end":{"line":6,"column":3}},"1":{"start":{"line":9,"column":4},"end":{"line":9,"column":19}},"2":{"start":{"line":13,"column":4},"end":{"line":15,"column":6}},"3":{"start":{"line":21,"column":4},"end":{"line":25,"column":7}},"4":{"start":{"line":22,"column":6},"end":{"line":22,"column":40}},"5":{"start":{"line":23,"column":6},"end":{"line":23,"column":49}},"6":{"start":{"line":24,"column":6},"end":{"line":24,"column":16}}},"fnMap":{"0":{"name":"(anonymous_0)","decl":{"start":{"line":8,"column":2},"end":{"line":8,"column":3}},"loc":{"start":{"line":8,"column":23},"end":{"line":10,"column":3}},"line":8},"1":{"name":"(anonymous_1)","decl":{"start":{"line":12,"column":2},"end":{"line":12,"column":3}},"loc":{"start":{"line":12,"column":17},"end":{"line":16,"column":3}},"line":12},"2":{"name":"(anonymous_2)","decl":{"start":{"line":18,"column":2},"end":{"line":18,"column":3}},"loc":{"start":{"line":18,"column":16},"end":{"line":18,"column":18}},"line":18},"3":{"name":"(anonymous_3)","decl":{"start":{"line":20,"column":2},"end":{"line":20,"column":3}},"loc":{"start":{"line":20,"column":31},"end":{"line":26,"column":3}},"line":20},"4":{"name":"(anonymous_4)","decl":{"start":{"line":21,"column":23},"end":{"line":21,"column":24}},"loc":{"start":{"line":21,"column":36},"end":{"line":25,"column":5}},"line":21}},"branchMap":{},"s":{"0":1,"1":1,"2":1,"3":2,"4":2,"5":2,"6":2},"f":{"0":1,"1":1,"2":1,"3":2,"4":2},"b":{},"_coverageSchema":"1a1c01bbd47fc00a2c39e90264f33305004495a9","hash":"5660694cae82de928cfaa1a834d935b3fb22a3df"}
,"/Users/anicaklin/zebrapig/libs/real-turtle/src/classes/commands/setLineWidth.js": {"path":"/Users/anicaklin/zebrapig/libs/real-turtle/src/classes/commands/setLineWidth.js","statementMap":{"0":{"start":{"line":4,"column":18},"end":{"line":6,"column":3}},"1":{"start":{"line":9,"column":4},"end":{"line":9,"column":19}},"2":{"start":{"line":13,"column":4},"end":{"line":15,"column":6}},"3":{"start":{"line":21,"column":4},"end":{"line":25,"column":7}},"4":{"start":{"line":22,"column":6},"end":{"line":22,"column":41}},"5":{"start":{"line":23,"column":6},"end":{"line":23,"column":50}},"6":{"start":{"line":24,"column":6},"end":{"line":24,"column":16}}},"fnMap":{"0":{"name":"(anonymous_0)","decl":{"start":{"line":8,"column":2},"end":{"line":8,"column":3}},"loc":{"start":{"line":8,"column":23},"end":{"line":10,"column":3}},"line":8},"1":{"name":"(anonymous_1)","decl":{"start":{"line":12,"column":2},"end":{"line":12,"column":3}},"loc":{"start":{"line":12,"column":17},"end":{"line":16,"column":3}},"line":12},"2":{"name":"(anonymous_2)","decl":{"start":{"line":18,"column":2},"end":{"line":18,"column":3}},"loc":{"start":{"line":18,"column":16},"end":{"line":18,"column":18}},"line":18},"3":{"name":"(anonymous_3)","decl":{"start":{"line":20,"column":2},"end":{"line":20,"column":3}},"loc":{"start":{"line":20,"column":31},"end":{"line":26,"column":3}},"line":20},"4":{"name":"(anonymous_4)","decl":{"start":{"line":21,"column":23},"end":{"line":21,"column":24}},"loc":{"start":{"line":21,"column":36},"end":{"line":25,"column":5}},"line":21}},"branchMap":{},"s":{"0":1,"1":1,"2":1,"3":2,"4":2,"5":2,"6":2},"f":{"0":1,"1":1,"2":1,"3":2,"4":2},"b":{},"_coverageSchema":"1a1c01bbd47fc00a2c39e90264f33305004495a9","hash":"59f3200600601371c77156498dbf5704b43c17c1"}
,"/Users/anicaklin/zebrapig/libs/real-turtle/src/classes/commands/setPosition.js": {"path":"/Users/anicaklin/zebrapig/libs/real-turtle/src/classes/commands/setPosition.js","statementMap":{"0":{"start":{"line":4,"column":18},"end":{"line":4,"column":54}},"1":{"start":{"line":6,"column":4},"end":{"line":6,"column":19}},"2":{"start":{"line":10,"column":4},"end":{"line":12,"column":6}},"3":{"start":{"line":18,"column":4},"end":{"line":24,"column":7}},"4":{"start":{"line":19,"column":17},"end":{"line":19,"column":79}},"5":{"start":{"line":20,"column":17},"end":{"line":20,"column":79}},"6":{"start":{"line":22,"column":6},"end":{"line":22,"column":41}},"7":{"start":{"line":23,"column":6},"end":{"line":23,"column":16}}},"fnMap":{"0":{"name":"(anonymous_0)","decl":{"start":{"line":5,"column":2},"end":{"line":5,"column":3}},"loc":{"start":{"line":5,"column":23},"end":{"line":7,"column":3}},"line":5},"1":{"name":"(anonymous_1)","decl":{"start":{"line":9,"column":2},"end":{"line":9,"column":3}},"loc":{"start":{"line":9,"column":17},"end":{"line":13,"column":3}},"line":9},"2":{"name":"(anonymous_2)","decl":{"start":{"line":15,"column":2},"end":{"line":15,"column":3}},"loc":{"start":{"line":15,"column":16},"end":{"line":15,"column":18}},"line":15},"3":{"name":"(anonymous_3)","decl":{"start":{"line":17,"column":2},"end":{"line":17,"column":3}},"loc":{"start":{"line":17,"column":31},"end":{"line":25,"column":3}},"line":17},"4":{"name":"(anonymous_4)","decl":{"start":{"line":18,"column":23},"end":{"line":18,"column":24}},"loc":{"start":{"line":18,"column":36},"end":{"line":24,"column":5}},"line":18}},"branchMap":{},"s":{"0":1,"1":1,"2":1,"3":2,"4":2,"5":2,"6":2,"7":2},"f":{"0":1,"1":1,"2":1,"3":2,"4":2},"b":{},"_coverageSchema":"1a1c01bbd47fc00a2c39e90264f33305004495a9","hash":"d7d68eb0c1d283da7e7be99f543fb17afb3c7344"}
,"/Users/anicaklin/zebrapig/libs/real-turtle/src/classes/commands/setSize.js": {"path":"/Users/anicaklin/zebrapig/libs/real-turtle/src/classes/commands/setSize.js","statementMap":{"0":{"start":{"line":4,"column":18},"end":{"line":4,"column":40}},"1":{"start":{"line":6,"column":4},"end":{"line":6,"column":19}},"2":{"start":{"line":10,"column":4},"end":{"line":12,"column":6}},"3":{"start":{"line":16,"column":4},"end":{"line":16,"column":69}},"4":{"start":{"line":20,"column":4},"end":{"line":25,"column":7}},"5":{"start":{"line":21,"column":6},"end":{"line":23,"column":8}},"6":{"start":{"line":24,"column":6},"end":{"line":24,"column":16}}},"fnMap":{"0":{"name":"(anonymous_0)","decl":{"start":{"line":5,"column":2},"end":{"line":5,"column":3}},"loc":{"start":{"line":5,"column":23},"end":{"line":7,"column":3}},"line":5},"1":{"name":"(anonymous_1)","decl":{"start":{"line":9,"column":2},"end":{"line":9,"column":3}},"loc":{"start":{"line":9,"column":17},"end":{"line":13,"column":3}},"line":9},"2":{"name":"(anonymous_2)","decl":{"start":{"line":15,"column":2},"end":{"line":15,"column":3}},"loc":{"start":{"line":15,"column":16},"end":{"line":17,"column":3}},"line":15},"3":{"name":"(anonymous_3)","decl":{"start":{"line":19,"column":2},"end":{"line":19,"column":3}},"loc":{"start":{"line":19,"column":31},"end":{"line":26,"column":3}},"line":19},"4":{"name":"(anonymous_4)","decl":{"start":{"line":20,"column":23},"end":{"line":20,"column":24}},"loc":{"start":{"line":20,"column":36},"end":{"line":25,"column":5}},"line":20}},"branchMap":{},"s":{"0":1,"1":1,"2":1,"3":1,"4":2,"5":2,"6":2},"f":{"0":1,"1":1,"2":1,"3":2,"4":2},"b":{},"_coverageSchema":"1a1c01bbd47fc00a2c39e90264f33305004495a9","hash":"0d4b449d890aec18a261ba4c8f0c349a8c6885be"}
,"/Users/anicaklin/zebrapig/libs/real-turtle/src/classes/commands/setSpeed.js": {"path":"/Users/anicaklin/zebrapig/libs/real-turtle/src/classes/commands/setSpeed.js","statementMap":{"0":{"start":{"line":4,"column":18},"end":{"line":6,"column":3}},"1":{"start":{"line":9,"column":4},"end":{"line":9,"column":19}},"2":{"start":{"line":13,"column":4},"end":{"line":15,"column":6}},"3":{"start":{"line":21,"column":4},"end":{"line":24,"column":7}},"4":{"start":{"line":22,"column":6},"end":{"line":22,"column":46}},"5":{"start":{"line":23,"column":6},"end":{"line":23,"column":16}}},"fnMap":{"0":{"name":"(anonymous_0)","decl":{"start":{"line":8,"column":2},"end":{"line":8,"column":3}},"loc":{"start":{"line":8,"column":23},"end":{"line":10,"column":3}},"line":8},"1":{"name":"(anonymous_1)","decl":{"start":{"line":12,"column":2},"end":{"line":12,"column":3}},"loc":{"start":{"line":12,"column":17},"end":{"line":16,"column":3}},"line":12},"2":{"name":"(anonymous_2)","decl":{"start":{"line":18,"column":2},"end":{"line":18,"column":3}},"loc":{"start":{"line":18,"column":16},"end":{"line":18,"column":18}},"line":18},"3":{"name":"(anonymous_3)","decl":{"start":{"line":20,"column":2},"end":{"line":20,"column":3}},"loc":{"start":{"line":20,"column":31},"end":{"line":25,"column":3}},"line":20},"4":{"name":"(anonymous_4)","decl":{"start":{"line":21,"column":23},"end":{"line":21,"column":24}},"loc":{"start":{"line":21,"column":36},"end":{"line":24,"column":5}},"line":21}},"branchMap":{},"s":{"0":1,"1":2,"2":2,"3":6,"4":6,"5":6},"f":{"0":2,"1":2,"2":2,"3":6,"4":6},"b":{},"_coverageSchema":"1a1c01bbd47fc00a2c39e90264f33305004495a9","hash":"a9d135d2f5b91078b9ffdfbae1f56be2a7b7d37c"}
,"/Users/anicaklin/zebrapig/libs/real-turtle/src/classes/commands/setStrokeActive.js": {"path":"/Users/anicaklin/zebrapig/libs/real-turtle/src/classes/commands/setStrokeActive.js","statementMap":{"0":{"start":{"line":4,"column":18},"end":{"line":6,"column":3}},"1":{"start":{"line":9,"column":4},"end":{"line":9,"column":19}},"2":{"start":{"line":13,"column":4},"end":{"line":15,"column":6}},"3":{"start":{"line":21,"column":4},"end":{"line":24,"column":7}},"4":{"start":{"line":22,"column":6},"end":{"line":22,"column":55}},"5":{"start":{"line":23,"column":6},"end":{"line":23,"column":16}}},"fnMap":{"0":{"name":"(anonymous_0)","decl":{"start":{"line":8,"column":2},"end":{"line":8,"column":3}},"loc":{"start":{"line":8,"column":23},"end":{"line":10,"column":3}},"line":8},"1":{"name":"(anonymous_1)","decl":{"start":{"line":12,"column":2},"end":{"line":12,"column":3}},"loc":{"start":{"line":12,"column":17},"end":{"line":16,"column":3}},"line":12},"2":{"name":"(anonymous_2)","decl":{"start":{"line":18,"column":2},"end":{"line":18,"column":3}},"loc":{"start":{"line":18,"column":16},"end":{"line":18,"column":18}},"line":18},"3":{"name":"(anonymous_3)","decl":{"start":{"line":20,"column":2},"end":{"line":20,"column":3}},"loc":{"start":{"line":20,"column":31},"end":{"line":25,"column":3}},"line":20},"4":{"name":"(anonymous_4)","decl":{"start":{"line":21,"column":23},"end":{"line":21,"column":24}},"loc":{"start":{"line":21,"column":36},"end":{"line":24,"column":5}},"line":21}},"branchMap":{},"s":{"0":1,"1":1,"2":1,"3":2,"4":2,"5":2},"f":{"0":1,"1":1,"2":1,"3":2,"4":2},"b":{},"_coverageSchema":"1a1c01bbd47fc00a2c39e90264f33305004495a9","hash":"2bcb450abe18873a0c138546dcf0b2d066653797"}
,"/Users/anicaklin/zebrapig/libs/real-turtle/src/classes/commands/setStrokeColorHSL.js": {"path":"/Users/anicaklin/zebrapig/libs/real-turtle/src/classes/commands/setStrokeColorHSL.js","statementMap":{"0":{"start":{"line":6,"column":18},"end":{"line":6,"column":51}},"1":{"start":{"line":9,"column":4},"end":{"line":9,"column":19}},"2":{"start":{"line":13,"column":4},"end":{"line":17,"column":7}},"3":{"start":{"line":19,"column":4},"end":{"line":19,"column":58}},"4":{"start":{"line":23,"column":4},"end":{"line":23,"column":57}},"5":{"start":{"line":27,"column":4},"end":{"line":30,"column":7}},"6":{"start":{"line":28,"column":6},"end":{"line":28,"column":62}},"7":{"start":{"line":29,"column":6},"end":{"line":29,"column":16}}},"fnMap":{"0":{"name":"(anonymous_0)","decl":{"start":{"line":8,"column":2},"end":{"line":8,"column":3}},"loc":{"start":{"line":8,"column":23},"end":{"line":10,"column":3}},"line":8},"1":{"name":"(anonymous_1)","decl":{"start":{"line":12,"column":2},"end":{"line":12,"column":3}},"loc":{"start":{"line":12,"column":17},"end":{"line":20,"column":3}},"line":12},"2":{"name":"(anonymous_2)","decl":{"start":{"line":22,"column":2},"end":{"line":22,"column":3}},"loc":{"start":{"line":22,"column":16},"end":{"line":24,"column":3}},"line":22},"3":{"name":"(anonymous_3)","decl":{"start":{"line":26,"column":2},"end":{"line":26,"column":3}},"loc":{"start":{"line":26,"column":31},"end":{"line":31,"column":3}},"line":26},"4":{"name":"(anonymous_4)","decl":{"start":{"line":27,"column":23},"end":{"line":27,"column":24}},"loc":{"start":{"line":27,"column":42},"end":{"line":30,"column":5}},"line":27}},"branchMap":{},"s":{"0":1,"1":1,"2":1,"3":1,"4":1,"5":2,"6":2,"7":2},"f":{"0":1,"1":1,"2":1,"3":2,"4":2},"b":{},"_coverageSchema":"1a1c01bbd47fc00a2c39e90264f33305004495a9","hash":"c4122fedd22dfa809e8520a3cb1fa8a9583da385"}
,"/Users/anicaklin/zebrapig/libs/real-turtle/src/classes/commands/setStrokeColorRGB.js": {"path":"/Users/anicaklin/zebrapig/libs/real-turtle/src/classes/commands/setStrokeColorRGB.js","statementMap":{"0":{"start":{"line":6,"column":18},"end":{"line":6,"column":71}},"1":{"start":{"line":9,"column":4},"end":{"line":9,"column":19}},"2":{"start":{"line":13,"column":4},"end":{"line":15,"column":7}},"3":{"start":{"line":17,"column":4},"end":{"line":17,"column":58}},"4":{"start":{"line":21,"column":4},"end":{"line":21,"column":57}},"5":{"start":{"line":25,"column":4},"end":{"line":28,"column":7}},"6":{"start":{"line":26,"column":6},"end":{"line":26,"column":62}},"7":{"start":{"line":27,"column":6},"end":{"line":27,"column":16}}},"fnMap":{"0":{"name":"(anonymous_0)","decl":{"start":{"line":8,"column":2},"end":{"line":8,"column":3}},"loc":{"start":{"line":8,"column":23},"end":{"line":10,"column":3}},"line":8},"1":{"name":"(anonymous_1)","decl":{"start":{"line":12,"column":2},"end":{"line":12,"column":3}},"loc":{"start":{"line":12,"column":17},"end":{"line":18,"column":3}},"line":12},"2":{"name":"(anonymous_2)","decl":{"start":{"line":20,"column":2},"end":{"line":20,"column":3}},"loc":{"start":{"line":20,"column":16},"end":{"line":22,"column":3}},"line":20},"3":{"name":"(anonymous_3)","decl":{"start":{"line":24,"column":2},"end":{"line":24,"column":3}},"loc":{"start":{"line":24,"column":31},"end":{"line":29,"column":3}},"line":24},"4":{"name":"(anonymous_4)","decl":{"start":{"line":25,"column":23},"end":{"line":25,"column":24}},"loc":{"start":{"line":25,"column":42},"end":{"line":28,"column":5}},"line":25}},"branchMap":{},"s":{"0":1,"1":1,"2":1,"3":1,"4":1,"5":2,"6":2,"7":2},"f":{"0":1,"1":1,"2":1,"3":2,"4":2},"b":{},"_coverageSchema":"1a1c01bbd47fc00a2c39e90264f33305004495a9","hash":"0f8e9b3fe18819ec327adcbff5012b80bd11f544"}
,"/Users/anicaklin/zebrapig/libs/real-turtle/src/classes/commands/setStrokeStyle.js": {"path":"/Users/anicaklin/zebrapig/libs/real-turtle/src/classes/commands/setStrokeStyle.js","statementMap":{"0":{"start":{"line":4,"column":18},"end":{"line":6,"column":3}},"1":{"start":{"line":9,"column":4},"end":{"line":9,"column":19}},"2":{"start":{"line":13,"column":4},"end":{"line":15,"column":6}},"3":{"start":{"line":21,"column":4},"end":{"line":29,"column":7}},"4":{"start":{"line":22,"column":6},"end":{"line":22,"column":52}},"5":{"start":{"line":23,"column":6},"end":{"line":23,"column":43}},"6":{"start":{"line":28,"column":6},"end":{"line":28,"column":16}}},"fnMap":{"0":{"name":"(anonymous_0)","decl":{"start":{"line":8,"column":2},"end":{"line":8,"column":3}},"loc":{"start":{"line":8,"column":23},"end":{"line":10,"column":3}},"line":8},"1":{"name":"(anonymous_1)","decl":{"start":{"line":12,"column":2},"end":{"line":12,"column":3}},"loc":{"start":{"line":12,"column":17},"end":{"line":16,"column":3}},"line":12},"2":{"name":"(anonymous_2)","decl":{"start":{"line":18,"column":2},"end":{"line":18,"column":3}},"loc":{"start":{"line":18,"column":16},"end":{"line":18,"column":18}},"line":18},"3":{"name":"(anonymous_3)","decl":{"start":{"line":20,"column":2},"end":{"line":20,"column":3}},"loc":{"start":{"line":20,"column":31},"end":{"line":30,"column":3}},"line":20},"4":{"name":"(anonymous_4)","decl":{"start":{"line":21,"column":23},"end":{"line":21,"column":24}},"loc":{"start":{"line":21,"column":36},"end":{"line":29,"column":5}},"line":21}},"branchMap":{},"s":{"0":1,"1":3,"2":3,"3":6,"4":6,"5":6,"6":6},"f":{"0":3,"1":3,"2":3,"3":6,"4":6},"b":{},"_coverageSchema":"1a1c01bbd47fc00a2c39e90264f33305004495a9","hash":"b80027c97b2a157323336cb12b21cb94971808af"}
,"/Users/anicaklin/zebrapig/libs/real-turtle/src/classes/commands/setTextAlign.js": {"path":"/Users/anicaklin/zebrapig/libs/real-turtle/src/classes/commands/setTextAlign.js","statementMap":{"0":{"start":{"line":4,"column":18},"end":{"line":6,"column":3}},"1":{"start":{"line":9,"column":4},"end":{"line":9,"column":19}},"2":{"start":{"line":13,"column":4},"end":{"line":15,"column":6}},"3":{"start":{"line":21,"column":4},"end":{"line":24,"column":7}},"4":{"start":{"line":22,"column":6},"end":{"line":22,"column":50}},"5":{"start":{"line":23,"column":6},"end":{"line":23,"column":16}}},"fnMap":{"0":{"name":"(anonymous_0)","decl":{"start":{"line":8,"column":2},"end":{"line":8,"column":3}},"loc":{"start":{"line":8,"column":23},"end":{"line":10,"column":3}},"line":8},"1":{"name":"(anonymous_1)","decl":{"start":{"line":12,"column":2},"end":{"line":12,"column":3}},"loc":{"start":{"line":12,"column":17},"end":{"line":16,"column":3}},"line":12},"2":{"name":"(anonymous_2)","decl":{"start":{"line":18,"column":2},"end":{"line":18,"column":3}},"loc":{"start":{"line":18,"column":16},"end":{"line":18,"column":18}},"line":18},"3":{"name":"(anonymous_3)","decl":{"start":{"line":20,"column":2},"end":{"line":20,"column":3}},"loc":{"start":{"line":20,"column":31},"end":{"line":25,"column":3}},"line":20},"4":{"name":"(anonymous_4)","decl":{"start":{"line":21,"column":23},"end":{"line":21,"column":24}},"loc":{"start":{"line":21,"column":36},"end":{"line":24,"column":5}},"line":21}},"branchMap":{},"s":{"0":1,"1":1,"2":1,"3":2,"4":2,"5":2},"f":{"0":1,"1":1,"2":1,"3":2,"4":2},"b":{},"_coverageSchema":"1a1c01bbd47fc00a2c39e90264f33305004495a9","hash":"cd240ba6d7c467872b0fbffa141ea445497511c6"}
,"/Users/anicaklin/zebrapig/libs/real-turtle/src/classes/commands/setTextBaseline.js": {"path":"/Users/anicaklin/zebrapig/libs/real-turtle/src/classes/commands/setTextBaseline.js","statementMap":{"0":{"start":{"line":4,"column":18},"end":{"line":6,"column":3}},"1":{"start":{"line":9,"column":4},"end":{"line":9,"column":19}},"2":{"start":{"line":13,"column":4},"end":{"line":15,"column":6}},"3":{"start":{"line":21,"column":4},"end":{"line":24,"column":7}},"4":{"start":{"line":22,"column":6},"end":{"line":22,"column":56}},"5":{"start":{"line":23,"column":6},"end":{"line":23,"column":16}}},"fnMap":{"0":{"name":"(anonymous_0)","decl":{"start":{"line":8,"column":2},"end":{"line":8,"column":3}},"loc":{"start":{"line":8,"column":23},"end":{"line":10,"column":3}},"line":8},"1":{"name":"(anonymous_1)","decl":{"start":{"line":12,"column":2},"end":{"line":12,"column":3}},"loc":{"start":{"line":12,"column":17},"end":{"line":16,"column":3}},"line":12},"2":{"name":"(anonymous_2)","decl":{"start":{"line":18,"column":2},"end":{"line":18,"column":3}},"loc":{"start":{"line":18,"column":16},"end":{"line":18,"column":18}},"line":18},"3":{"name":"(anonymous_3)","decl":{"start":{"line":20,"column":2},"end":{"line":20,"column":3}},"loc":{"start":{"line":20,"column":31},"end":{"line":25,"column":3}},"line":20},"4":{"name":"(anonymous_4)","decl":{"start":{"line":21,"column":23},"end":{"line":21,"column":24}},"loc":{"start":{"line":21,"column":36},"end":{"line":24,"column":5}},"line":21}},"branchMap":{},"s":{"0":1,"1":1,"2":1,"3":2,"4":2,"5":2},"f":{"0":1,"1":1,"2":1,"3":2,"4":2},"b":{},"_coverageSchema":"1a1c01bbd47fc00a2c39e90264f33305004495a9","hash":"70e52af2cca0b72e7c1f3df2539f8336cce62b44"}
,"/Users/anicaklin/zebrapig/libs/real-turtle/src/classes/commands/sleep.js": {"path":"/Users/anicaklin/zebrapig/libs/real-turtle/src/classes/commands/sleep.js","statementMap":{"0":{"start":{"line":4,"column":18},"end":{"line":4,"column":48}},"1":{"start":{"line":6,"column":4},"end":{"line":6,"column":19}},"2":{"start":{"line":10,"column":4},"end":{"line":12,"column":6}},"3":{"start":{"line":18,"column":4},"end":{"line":20,"column":7}},"4":{"start":{"line":19,"column":6},"end":{"line":19,"column":16}}},"fnMap":{"0":{"name":"(anonymous_0)","decl":{"start":{"line":5,"column":2},"end":{"line":5,"column":3}},"loc":{"start":{"line":5,"column":23},"end":{"line":7,"column":3}},"line":5},"1":{"name":"(anonymous_1)","decl":{"start":{"line":9,"column":2},"end":{"line":9,"column":3}},"loc":{"start":{"line":9,"column":17},"end":{"line":13,"column":3}},"line":9},"2":{"name":"(anonymous_2)","decl":{"start":{"line":15,"column":2},"end":{"line":15,"column":3}},"loc":{"start":{"line":15,"column":16},"end":{"line":15,"column":18}},"line":15},"3":{"name":"(anonymous_3)","decl":{"start":{"line":17,"column":2},"end":{"line":17,"column":3}},"loc":{"start":{"line":17,"column":31},"end":{"line":21,"column":3}},"line":17},"4":{"name":"(anonymous_4)","decl":{"start":{"line":18,"column":23},"end":{"line":18,"column":24}},"loc":{"start":{"line":18,"column":36},"end":{"line":20,"column":5}},"line":18}},"branchMap":{},"s":{"0":1,"1":1,"2":1,"3":14,"4":14},"f":{"0":1,"1":1,"2":1,"3":14,"4":14},"b":{},"_coverageSchema":"1a1c01bbd47fc00a2c39e90264f33305004495a9","hash":"329e2d2835a69d56391712ae82aa1eeccde92f03"}
,"/Users/anicaklin/zebrapig/libs/real-turtle/src/classes/commands/stroke.js": {"path":"/Users/anicaklin/zebrapig/libs/real-turtle/src/classes/commands/stroke.js","statementMap":{"0":{"start":{"line":4,"column":18},"end":{"line":4,"column":20}},"1":{"start":{"line":7,"column":4},"end":{"line":7,"column":19}},"2":{"start":{"line":11,"column":4},"end":{"line":13,"column":6}},"3":{"start":{"line":19,"column":4},"end":{"line":38,"column":7}},"4":{"start":{"line":20,"column":6},"end":{"line":37,"column":7}},"5":{"start":{"line":21,"column":8},"end":{"line":21,"column":28}},"6":{"start":{"line":22,"column":8},"end":{"line":22,"column":21}},"7":{"start":{"line":23,"column":8},"end":{"line":23,"column":18}},"8":{"start":{"line":25,"column":8},"end":{"line":30,"column":10}},"9":{"start":{"line":31,"column":8},"end":{"line":31,"column":39}},"10":{"start":{"line":32,"column":8},"end":{"line":32,"column":66}},"11":{"start":{"line":33,"column":8},"end":{"line":33,"column":35}},"12":{"start":{"line":34,"column":8},"end":{"line":34,"column":63}},"13":{"start":{"line":35,"column":8},"end":{"line":35,"column":28}},"14":{"start":{"line":36,"column":8},"end":{"line":36,"column":18}}},"fnMap":{"0":{"name":"(anonymous_0)","decl":{"start":{"line":6,"column":2},"end":{"line":6,"column":3}},"loc":{"start":{"line":6,"column":23},"end":{"line":8,"column":3}},"line":6},"1":{"name":"(anonymous_1)","decl":{"start":{"line":10,"column":2},"end":{"line":10,"column":3}},"loc":{"start":{"line":10,"column":17},"end":{"line":14,"column":3}},"line":10},"2":{"name":"(anonymous_2)","decl":{"start":{"line":16,"column":2},"end":{"line":16,"column":3}},"loc":{"start":{"line":16,"column":16},"end":{"line":16,"column":18}},"line":16},"3":{"name":"(anonymous_3)","decl":{"start":{"line":18,"column":2},"end":{"line":18,"column":3}},"loc":{"start":{"line":18,"column":31},"end":{"line":39,"column":3}},"line":18},"4":{"name":"(anonymous_4)","decl":{"start":{"line":19,"column":23},"end":{"line":19,"column":24}},"loc":{"start":{"line":19,"column":36},"end":{"line":38,"column":5}},"line":19}},"branchMap":{"0":{"loc":{"start":{"line":20,"column":6},"end":{"line":37,"column":7}},"type":"if","locations":[{"start":{"line":20,"column":6},"end":{"line":37,"column":7}},{"start":{"line":24,"column":13},"end":{"line":37,"column":7}}],"line":20}},"s":{"0":1,"1":4,"2":6,"3":15,"4":15,"5":10,"6":10,"7":10,"8":5,"9":5,"10":5,"11":5,"12":5,"13":5,"14":5},"f":{"0":4,"1":6,"2":4,"3":15,"4":15},"b":{"0":[10,5]},"_coverageSchema":"1a1c01bbd47fc00a2c39e90264f33305004495a9","hash":"60d285e8c2ed581c71c3a5324f6c5fa11684d0d0"}
[...]
,"/Users/anicaklin/zebrapig/libs/real-turtle/src/classes/internal/task.js": {"path":"/Users/anicaklin/zebrapig/libs/real-turtle/src/classes/internal/task.js","statementMap":{"0":{"start":{"line":3,"column":17},"end":{"line":3,"column":19}},"1":{"start":{"line":4,"column":0},"end":{"line":6,"column":1}},"2":{"start":{"line":4,"column":13},"end":{"line":4,"column":14}},"3":{"start":{"line":5,"column":2},"end":{"line":5,"column":80}},"4":{"start":{"line":10,"column":4},"end":{"line":10,"column":21}},"5":{"start":{"line":11,"column":4},"end":{"line":11,"column":27}},"6":{"start":{"line":12,"column":4},"end":{"line":12,"column":29}},"7":{"start":{"line":16,"column":4},"end":{"line":16,"column":70}},"8":{"start":{"line":17,"column":4},"end":{"line":17,"column":35}},"9":{"start":{"line":21,"column":4},"end":{"line":21,"column":70}},"10":{"start":{"line":22,"column":4},"end":{"line":22,"column":53}},"11":{"start":{"line":23,"column":4},"end":{"line":23,"column":36}},"12":{"start":{"line":27,"column":4},"end":{"line":30,"column":7}},"13":{"start":{"line":28,"column":6},"end":{"line":28,"column":55}},"14":{"start":{"line":29,"column":6},"end":{"line":29,"column":16}},"15":{"start":{"line":34,"column":4},"end":{"line":34,"column":64}}},"fnMap":{"0":{"name":"(anonymous_0)","decl":{"start":{"line":9,"column":2},"end":{"line":9,"column":3}},"loc":{"start":{"line":9,"column":29},"end":{"line":13,"column":3}},"line":9},"1":{"name":"(anonymous_1)","decl":{"start":{"line":15,"column":2},"end":{"line":15,"column":3}},"loc":{"start":{"line":15,"column":17},"end":{"line":18,"column":3}},"line":15},"2":{"name":"(anonymous_2)","decl":{"start":{"line":20,"column":2},"end":{"line":20,"column":3}},"loc":{"start":{"line":20,"column":16},"end":{"line":24,"column":3}},"line":20},"3":{"name":"(anonymous_3)","decl":{"start":{"line":26,"column":2},"end":{"line":26,"column":3}},"loc":{"start":{"line":26,"column":31},"end":{"line":31,"column":3}},"line":26},"4":{"name":"(anonymous_4)","decl":{"start":{"line":27,"column":23},"end":{"line":27,"column":24}},"loc":{"start":{"line":27,"column":42},"end":{"line":30,"column":5}},"line":27},"5":{"name":"(anonymous_5)","decl":{"start":{"line":33,"column":2},"end":{"line":33,"column":3}},"loc":{"start":{"line":33,"column":22},"end":{"line":35,"column":3}},"line":33}},"branchMap":{},"s":{"0":1,"1":1,"2":1,"3":38,"4":94,"5":94,"6":94,"7":112,"8":112,"9":94,"10":94,"11":94,"12":267,"13":267,"14":267,"15":94},"f":{"0":94,"1":112,"2":94,"3":267,"4":267,"5":94},"b":{},"_coverageSchema":"1a1c01bbd47fc00a2c39e90264f33305004495a9","hash":"1855fa480b47a56caf04d8be411888c11fc496f9"}
,"/Users/anicaklin/zebrapig/libs/real-turtle/src/classes/internal/taskHandler.js": {"path":"/Users/anicaklin/zebrapig/libs/real-turtle/src/classes/internal/taskHandler.js","statementMap":{"0":{"start":{"line":7,"column":4},"end":{"line":7,"column":16}},"1":{"start":{"line":8,"column":4},"end":{"line":8,"column":20}},"2":{"start":{"line":9,"column":4},"end":{"line":9,"column":29}},"3":{"start":{"line":10,"column":4},"end":{"line":10,"column":35}},"4":{"start":{"line":11,"column":4},"end":{"line":11,"column":28}},"5":{"start":{"line":13,"column":4},"end":{"line":13,"column":29}},"6":{"start":{"line":17,"column":4},"end":{"line":17,"column":45}},"7":{"start":{"line":21,"column":4},"end":{"line":23,"column":5}},"8":{"start":{"line":22,"column":6},"end":{"line":22,"column":13}},"9":{"start":{"line":25,"column":4},"end":{"line":27,"column":5}},"10":{"start":{"line":26,"column":6},"end":{"line":26,"column":13}},"11":{"start":{"line":29,"column":25},"end":{"line":29,"column":67}},"12":{"start":{"line":31,"column":12},"end":{"line":31,"column":38}},"13":{"start":{"line":32,"column":12},"end":{"line":32,"column":38}},"14":{"start":{"line":33,"column":16},"end":{"line":33,"column":36}},"15":{"start":{"line":34,"column":17},"end":{"line":34,"column":37}},"16":{"start":{"line":35,"column":16},"end":{"line":35,"column":44}},"17":{"start":{"line":37,"column":4},"end":{"line":37,"column":29}},"18":{"start":{"line":38,"column":4},"end":{"line":38,"column":36}},"19":{"start":{"line":39,"column":4},"end":{"line":39,"column":70}},"20":{"start":{"line":40,"column":4},"end":{"line":40,"column":37}},"21":{"start":{"line":41,"column":4},"end":{"line":41,"column":31}},"22":{"start":{"line":45,"column":4},"end":{"line":107,"column":7}},"23":{"start":{"line":46,"column":6},"end":{"line":49,"column":7}},"24":{"start":{"line":47,"column":8},"end":{"line":47,"column":17}},"25":{"start":{"line":48,"column":8},"end":{"line":48,"column":15}},"26":{"start":{"line":51,"column":6},"end":{"line":51,"column":30}},"27":{"start":{"line":53,"column":6},"end":{"line":56,"column":7}},"28":{"start":{"line":54,"column":8},"end":{"line":54,"column":17}},"29":{"start":{"line":55,"column":8},"end":{"line":55,"column":15}},"30":{"start":{"line":59,"column":6},"end":{"line":61,"column":8}},"31":{"start":{"line":60,"column":8},"end":{"line":60,"column":18}},"32":{"start":{"line":63,"column":6},"end":{"line":63,"column":40}},"33":{"start":{"line":64,"column":6},"end":{"line":66,"column":7}},"34":{"start":{"line":64,"column":19},"end":{"line":64,"column":20}},"35":{"start":{"line":65,"column":8},"end":{"line":65,"column":77}},"36":{"start":{"line":68,"column":6},"end":{"line":68,"column":37}},"37":{"start":{"line":70,"column":6},"end":{"line":70,"column":53}},"38":{"start":{"line":71,"column":6},"end":{"line":71,"column":51}},"39":{"start":{"line":73,"column":6},"end":{"line":73,"column":29}},"40":{"start":{"line":74,"column":6},"end":{"line":74,"column":38}},"41":{"start":{"line":75,"column":6},"end":{"line":75,"column":74}},"42":{"start":{"line":76,"column":6},"end":{"line":76,"column":34}},"43":{"start":{"line":77,"column":6},"end":{"line":77,"column":39}},"44":{"start":{"line":79,"column":6},"end":{"line":89,"column":7}},"45":{"start":{"line":84,"column":8},"end":{"line":84,"column":60}},"46":{"start":{"line":85,"column":8},"end":{"line":85,"column":51}},"47":{"start":{"line":86,"column":8},"end":{"line":86,"column":53}},"48":{"start":{"line":87,"column":8},"end":{"line":87,"column":58}},"49":{"start":{"line":88,"column":8},"end":{"line":88,"column":51}},"50":{"start":{"line":91,"column":6},"end":{"line":99,"column":7}},"51":{"start":{"line":94,"column":8},"end":{"line":94,"column":63}},"52":{"start":{"line":95,"column":8},"end":{"line":95,"column":54}},"53":{"start":{"line":96,"column":8},"end":{"line":96,"column":56}},"54":{"start":{"line":97,"column":8},"end":{"line":97,"column":64}},"55":{"start":{"line":98,"column":8},"end":{"line":98,"column":54}},"56":{"start":{"line":101,"column":6},"end":{"line":101,"column":24}},"57":{"start":{"line":103,"column":6},"end":{"line":103,"column":41}},"58":{"start":{"line":104,"column":6},"end":{"line":106,"column":9}},"59":{"start":{"line":105,"column":8},"end":{"line":105,"column":34}},"60":{"start":{"line":112,"column":4},"end":{"line":127,"column":5}},"61":{"start":{"line":113,"column":20},"end":{"line":113,"column":40}},"62":{"start":{"line":115,"column":6},"end":{"line":121,"column":7}},"63":{"start":{"line":116,"column":8},"end":{"line":116,"column":36}},"64":{"start":{"line":118,"column":8},"end":{"line":120,"column":57}},"65":{"start":{"line":122,"column":6},"end":{"line":124,"column":7}},"66":{"start":{"line":123,"column":8},"end":{"line":123,"column":36}},"67":{"start":{"line":126,"column":6},"end":{"line":126,"column":34}},"68":{"start":{"line":130,"column":4},"end":{"line":135,"column":5}},"69":{"start":{"line":133,"column":6},"end":{"line":133,"column":70}},"70":{"start":{"line":134,"column":6},"end":{"line":134,"column":52}},"71":{"start":{"line":138,"column":4},"end":{"line":144,"column":5}},"72":{"start":{"line":139,"column":6},"end":{"line":143,"column":7}},"73":{"start":{"line":140,"column":8},"end":{"line":140,"column":56}},"74":{"start":{"line":142,"column":8},"end":{"line":142,"column":50}},"75":{"start":{"line":147,"column":4},"end":{"line":149,"column":5}},"76":{"start":{"line":148,"column":6},"end":{"line":148,"column":71}},"77":{"start":{"line":151,"column":4},"end":{"line":151,"column":38}},"78":{"start":{"line":154,"column":4},"end":{"line":210,"column":5}},"79":{"start":{"line":156,"column":6},"end":{"line":156,"column":49}},"80":{"start":{"line":159,"column":6},"end":{"line":168,"column":7}},"81":{"start":{"line":161,"column":8},"end":{"line":166,"column":10}},"82":{"start":{"line":167,"column":8},"end":{"line":167,"column":59}},"83":{"start":{"line":170,"column":6},"end":{"line":174,"column":7}},"84":{"start":{"line":172,"column":8},"end":{"line":172,"column":72}},"85":{"start":{"line":173,"column":8},"end":{"line":173,"column":51}},"86":{"start":{"line":176,"column":6},"end":{"line":209,"column":7}},"87":{"start":{"line":177,"column":8},"end":{"line":177,"column":38}},"88":{"start":{"line":179,"column":8},"end":{"line":183,"column":9}},"89":{"start":{"line":180,"column":10},"end":{"line":180,"column":37}},"90":{"start":{"line":185,"column":8},"end":{"line":185,"column":33}},"91":{"start":{"line":187,"column":8},"end":{"line":189,"column":9}},"92":{"start":{"line":188,"column":10},"end":{"line":188,"column":34}},"93":{"start":{"line":191,"column":8},"end":{"line":191,"column":41}},"94":{"start":{"line":192,"column":8},"end":{"line":192,"column":29}},"95":{"start":{"line":193,"column":8},"end":{"line":193,"column":57}},"96":{"start":{"line":195,"column":8},"end":{"line":199,"column":9}},"97":{"start":{"line":196,"column":10},"end":{"line":198,"column":12}},"98":{"start":{"line":201,"column":8},"end":{"line":201,"column":43}},"99":{"start":{"line":208,"column":8},"end":{"line":208,"column":50}},"100":{"start":{"line":212,"column":4},"end":{"line":212,"column":22}},"101":{"start":{"line":214,"column":4},"end":{"line":222,"column":5}},"102":{"start":{"line":215,"column":6},"end":{"line":221,"column":7}},"103":{"start":{"line":216,"column":8},"end":{"line":218,"column":11}},"104":{"start":{"line":217,"column":10},"end":{"line":217,"column":36}},"105":{"start":{"line":220,"column":8},"end":{"line":220,"column":34}}},"fnMap":{"0":{"name":"(anonymous_0)","decl":{"start":{"line":6,"column":2},"end":{"line":6,"column":3}},"loc":{"start":{"line":6,"column":20},"end":{"line":14,"column":3}},"line":6},"1":{"name":"(anonymous_1)","decl":{"start":{"line":16,"column":2},"end":{"line":16,"column":3}},"loc":{"start":{"line":16,"column":25},"end":{"line":18,"column":3}},"line":16},"2":{"name":"(anonymous_2)","decl":{"start":{"line":20,"column":2},"end":{"line":20,"column":3}},"loc":{"start":{"line":20,"column":15},"end":{"line":42,"column":3}},"line":20},"3":{"name":"(anonymous_3)","decl":{"start":{"line":44,"column":2},"end":{"line":44,"column":3}},"loc":{"start":{"line":44,"column":23},"end":{"line":108,"column":3}},"line":44},"4":{"name":"(anonymous_4)","decl":{"start":{"line":45,"column":23},"end":{"line":45,"column":24}},"loc":{"start":{"line":45,"column":44},"end":{"line":107,"column":5}},"line":45},"5":{"name":"(anonymous_5)","decl":{"start":{"line":59,"column":33},"end":{"line":59,"column":34}},"loc":{"start":{"line":59,"column":39},"end":{"line":61,"column":7}},"line":59},"6":{"name":"(anonymous_6)","decl":{"start":{"line":104,"column":35},"end":{"line":104,"column":36}},"loc":{"start":{"line":104,"column":41},"end":{"line":106,"column":7}},"line":104},"7":{"name":"(anonymous_7)","decl":{"start":{"line":110,"column":2},"end":{"line":110,"column":3}},"loc":{"start":{"line":110,"column":29},"end":{"line":223,"column":3}},"line":110},"8":{"name":"(anonymous_8)","decl":{"start":{"line":216,"column":37},"end":{"line":216,"column":38}},"loc":{"start":{"line":216,"column":43},"end":{"line":218,"column":9}},"line":216}},"branchMap":{"0":{"loc":{"start":{"line":21,"column":4},"end":{"line":23,"column":5}},"type":"if","locations":[{"start":{"line":21,"column":4},"end":{"line":23,"column":5}},{"start":{},"end":{}}],"line":21},"1":{"loc":{"start":{"line":25,"column":4},"end":{"line":27,"column":5}},"type":"if","locations":[{"start":{"line":25,"column":4},"end":{"line":27,"column":5}},{"start":{},"end":{}}],"line":25},"2":{"loc":{"start":{"line":46,"column":6},"end":{"line":49,"column":7}},"type":"if","locations":[{"start":{"line":46,"column":6},"end":{"line":49,"column":7}},{"start":{},"end":{}}],"line":46},"3":{"loc":{"start":{"line":53,"column":6},"end":{"line":56,"column":7}},"type":"if","locations":[{"start":{"line":53,"column":6},"end":{"line":56,"column":7}},{"start":{},"end":{}}],"line":53},"4":{"loc":{"start":{"line":79,"column":6},"end":{"line":89,"column":7}},"type":"if","locations":[{"start":{"line":79,"column":6},"end":{"line":89,"column":7}},{"start":{},"end":{}}],"line":79},"5":{"loc":{"start":{"line":91,"column":6},"end":{"line":99,"column":7}},"type":"if","locations":[{"start":{"line":91,"column":6},"end":{"line":99,"column":7}},{"start":{},"end":{}}],"line":91},"6":{"loc":{"start":{"line":112,"column":4},"end":{"line":127,"column":5}},"type":"if","locations":[{"start":{"line":112,"column":4},"end":{"line":127,"column":5}},{"start":{"line":125,"column":11},"end":{"line":127,"column":5}}],"line":112},"7":{"loc":{"start":{"line":115,"column":6},"end":{"line":121,"column":7}},"type":"if","locations":[{"start":{"line":115,"column":6},"end":{"line":121,"column":7}},{"start":{"line":117,"column":13},"end":{"line":121,"column":7}}],"line":115},"8":{"loc":{"start":{"line":122,"column":6},"end":{"line":124,"column":7}},"type":"if","locations":[{"start":{"line":122,"column":6},"end":{"line":124,"column":7}},{"start":{},"end":{}}],"line":122},"9":{"loc":{"start":{"line":130,"column":4},"end":{"line":135,"column":5}},"type":"if","locations":[{"start":{"line":130,"column":4},"end":{"line":135,"column":5}},{"start":{},"end":{}}],"line":130},"10":{"loc":{"start":{"line":138,"column":4},"end":{"line":144,"column":5}},"type":"if","locations":[{"start":{"line":138,"column":4},"end":{"line":144,"column":5}},{"start":{},"end":{}}],"line":138},"11":{"loc":{"start":{"line":139,"column":6},"end":{"line":143,"column":7}},"type":"if","locations":[{"start":{"line":139,"column":6},"end":{"line":143,"column":7}},{"start":{"line":141,"column":13},"end":{"line":143,"column":7}}],"line":139},"12":{"loc":{"start":{"line":147,"column":4},"end":{"line":149,"column":5}},"type":"if","locations":[{"start":{"line":147,"column":4},"end":{"line":149,"column":5}},{"start":{},"end":{}}],"line":147},"13":{"loc":{"start":{"line":154,"column":4},"end":{"line":210,"column":5}},"type":"if","locations":[{"start":{"line":154,"column":4},"end":{"line":210,"column":5}},{"start":{},"end":{}}],"line":154},"14":{"loc":{"start":{"line":159,"column":6},"end":{"line":168,"column":7}},"type":"if","locations":[{"start":{"line":159,"column":6},"end":{"line":168,"column":7}},{"start":{},"end":{}}],"line":159},"15":{"loc":{"start":{"line":159,"column":10},"end":{"line":159,"column":69}},"type":"binary-expr","locations":[{"start":{"line":159,"column":10},"end":{"line":159,"column":26}},{"start":{"line":159,"column":30},"end":{"line":159,"column":49}},{"start":{"line":159,"column":53},"end":{"line":159,"column":69}}],"line":159},"16":{"loc":{"start":{"line":170,"column":6},"end":{"line":174,"column":7}},"type":"if","locations":[{"start":{"line":170,"column":6},"end":{"line":174,"column":7}},{"start":{},"end":{}}],"line":170},"17":{"loc":{"start":{"line":176,"column":6},"end":{"line":209,"column":7}},"type":"if","locations":[{"start":{"line":176,"column":6},"end":{"line":209,"column":7}},{"start":{"line":190,"column":13},"end":{"line":209,"column":7}}],"line":176},"18":{"loc":{"start":{"line":187,"column":8},"end":{"line":189,"column":9}},"type":"if","locations":[{"start":{"line":187,"column":8},"end":{"line":189,"column":9}},{"start":{},"end":{}}],"line":187},"19":{"loc":{"start":{"line":195,"column":8},"end":{"line":199,"column":9}},"type":"if","locations":[{"start":{"line":195,"column":8},"end":{"line":199,"column":9}},{"start":{},"end":{}}],"line":195},"20":{"loc":{"start":{"line":214,"column":4},"end":{"line":222,"column":5}},"type":"if","locations":[{"start":{"line":214,"column":4},"end":{"line":222,"column":5}},{"start":{},"end":{}}],"line":214},"21":{"loc":{"start":{"line":215,"column":6},"end":{"line":221,"column":7}},"type":"if","locations":[{"start":{"line":215,"column":6},"end":{"line":221,"column":7}},{"start":{"line":219,"column":13},"end":{"line":221,"column":7}}],"line":215}},"s":{"0":48,"1":48,"2":48,"3":48,"4":48,"5":48,"6":94,"7":199,"8":0,"9":199,"10":199,"11":0,"12":0,"13":0,"14":0,"15":0,"16":0,"17":0,"18":0,"19":0,"20":0,"21":0,"22":51,"23":51,"24":0,"25":0,"26":51,"27":51,"28":0,"29":0,"30":51,"31":51,"32":51,"33":51,"34":51,"35":94,"36":51,"37":51,"38":51,"39":51,"40":51,"41":51,"42":51,"43":51,"44":51,"45":48,"46":48,"47":48,"48":48,"49":48,"50":51,"51":46,"52":46,"53":46,"54":46,"55":46,"56":51,"57":51,"58":51,"59":51,"60":148,"61":77,"62":77,"63":5,"64":72,"65":77,"66":23,"67":71,"68":148,"69":148,"70":148,"71":148,"72":94,"73":23,"74":71,"75":148,"76":79,"77":148,"78":148,"79":94,"80":94,"81":94,"82":94,"83":94,"84":94,"85":94,"86":94,"87":51,"88":51,"89":51,"90":51,"91":51,"92":46,"93":43,"94":43,"95":43,"96":43,"97":18,"98":43,"99":43,"100":148,"101":148,"102":97,"103":72,"104":72,"105":25},"f":{"0":48,"1":94,"2":199,"3":51,"4":51,"5":51,"6":51,"7":148,"8":72},"b":{"0":[0,199],"1":[199,0],"2":[0,51],"3":[0,51],"4":[48,3],"5":[46,5],"6":[77,71],"7":[5,72],"8":[23,54],"9":[148,0],"10":[94,54],"11":[23,71],"12":[79,69],"13":[94,54],"14":[94,0],"15":[94,94,94],"16":[94,0],"17":[51,43],"18":[46,5],"19":[18,25],"20":[97,51],"21":[72,25]},"_coverageSchema":"1a1c01bbd47fc00a2c39e90264f33305004495a9","hash":"d4f1c792f5b63bf4e7e9d5da9861fcb557c1c7f8"}
,"/Users/anicaklin/zebrapig/libs/real-turtle/src/definitions/commandNames.js": {"path":"/Users/anicaklin/zebrapig/libs/real-turtle/src/definitions/commandNames.js","statementMap":{},"fnMap":{},"branchMap":{},"s":{},"f":{},"b":{},"_coverageSchema":"1a1c01bbd47fc00a2c39e90264f33305004495a9","hash":"f4ca5e27246cb69c680b0a6375fda3034d2ace70"}
,"/Users/anicaklin/zebrapig/libs/real-turtle/src/definitions/standardOptions.js": {"path":"/Users/anicaklin/zebrapig/libs/real-turtle/src/definitions/standardOptions.js","statementMap":{},"fnMap":{},"branchMap":{},"s":{},"f":{},"b":{},"_coverageSchema":"1a1c01bbd47fc00a2c39e90264f33305004495a9","hash":"6d57f52fe6a014bd3a84e31fa650449e7ad19087"}
}
