TN:
SF:src/index.js
FN:17,(anonymous_0)
FN:61,(anonymous_1)
FN:67,(anonymous_2)
FN:79,(anonymous_3)
FNF:4
FNH:3
FNDA:48,(anonymous_0)
FNDA:0,(anonymous_1)
FNDA:46,(anonymous_2)
FNDA:1824,(anonymous_3)
DA:10,1
DA:11,1
DA:12,38
DA:18,48
DA:19,0
DA:23,48
DA:24,48
DA:25,48
DA:29,48
DA:30,0
DA:31,0
DA:32,0
DA:35,48
DA:36,48
DA:37,145
DA:38,99
DA:40,46
DA:41,184
DA:46,48
DA:47,48
DA:49,48
DA:51,48
DA:52,48
DA:53,48
DA:56,48
DA:57,1824
DA:60,48
DA:61,0
DA:62,0
DA:69,46
DA:70,46
DA:73,46
DA:75,46
DA:76,46
DA:80,1824
DA:82,1824
DA:83,1824
DA:84,1776
DA:87,1824
DA:118,1824
DA:120,1824
DA:121,288
DA:122,288
LF:43
LH:37
BRDA:17,0,0,1
BRDA:18,1,0,0
BRDA:18,1,1,48
BRDA:23,2,0,48
BRDA:23,2,1,0
BRDA:29,3,0,0
BRDA:29,3,1,48
BRDA:37,4,0,99
BRDA:37,4,1,46
BRDA:37,5,0,145
BRDA:37,5,1,46
BRDA:60,6,0,0
BRDA:60,6,1,48
BRDA:69,7,0,46
BRDA:69,7,1,0
BRDA:120,8,0,288
BRDA:120,8,1,1536
BRF:17
BRH:12
end_of_record
TN:
SF:src/classes/commands/arc.js
FN:10,(anonymous_0)
FN:14,(anonymous_1)
FN:27,(anonymous_2)
FN:52,(anonymous_3)
FN:53,(anonymous_4)
FNF:5
FNH:5
FNDA:2,(anonymous_0)
FNDA:2,(anonymous_1)
FNDA:2,(anonymous_2)
FNDA:4,(anonymous_3)
FNDA:4,(anonymous_4)
DA:4,1
DA:11,2
DA:16,2
DA:22,2
DA:28,2
DA:29,1
DA:32,2
DA:33,2
DA:34,1
DA:37,2
DA:42,2
DA:48,2
DA:53,4
DA:55,4
DA:61,4
DA:64,4
DA:67,4
DA:68,4
DA:71,4
DA:80,4
DA:81,4
DA:85,4
DA:86,4
DA:89,4
DA:90,4
DA:93,4
LF:26
LH:26
BRDA:28,0,0,1
BRDA:28,0,1,1
BRDA:33,1,0,1
BRDA:33,1,1,1
BRDA:49,2,0,1
BRDA:49,2,1,1
BRDA:58,3,0,2
BRDA:58,3,1,2
BRDA:67,4,0,4
BRDA:67,4,1,0
BRDA:67,5,0,4
BRDA:67,5,1,0
BRDA:82,6,0,2
BRDA:82,6,1,2
BRDA:85,7,0,4
BRDA:85,7,1,0
BRDA:89,8,0,4
BRDA:89,8,1,0
BRF:18
BRH:14
end_of_record
TN:
SF:src/classes/commands/back.js
FN:10,(anonymous_0)
FN:14,(anonymous_1)
FN:20,(anonymous_2)
FN:24,(anonymous_3)
FN:25,(anonymous_4)
FNF:5
FNH:5
FNDA:1,(anonymous_0)
FNDA:1,(anonymous_1)
FNDA:1,(anonymous_2)
FNDA:2,(anonymous_3)
FNDA:2,(anonymous_4)
DA:6,1
DA:8,1
DA:11,1
DA:15,1
DA:17,1
DA:21,1
DA:25,2
DA:26,2
DA:27,2
LF:9
LH:9
BRF:0
BRH:0
end_of_record
TN:
SF:src/classes/commands/beginPath.js
FN:6,(anonymous_0)
FN:10,(anonymous_1)
FN:16,(anonymous_2)
FN:18,(anonymous_3)
FN:19,(anonymous_4)
FNF:5
FNH:5
FNDA:6,(anonymous_0)
FNDA:6,(anonymous_1)
FNDA:6,(anonymous_2)
FNDA:14,(anonymous_3)
FNDA:14,(anonymous_4)
DA:4,1
DA:7,6
DA:11,6
DA:19,14
DA:20,14
DA:21,14
DA:22,14
DA:23,14
LF:8
LH:8
BRF:0
BRH:0
end_of_record
TN:
SF:src/classes/commands/clear.js
FN:6,(anonymous_0)
FN:10,(anonymous_1)
FN:16,(anonymous_2)
FN:18,(anonymous_3)
FN:19,(anonymous_4)
FNF:5
FNH:5
FNDA:2,(anonymous_0)
FNDA:2,(anonymous_1)
FNDA:2,(anonymous_2)
FNDA:4,(anonymous_3)
FNDA:4,(anonymous_4)
DA:4,1
DA:7,2
DA:11,2
DA:19,4
DA:20,4
DA:21,4
LF:6
LH:6
BRF:0
BRH:0
end_of_record
TN:
SF:src/classes/commands/closePath.js
FN:6,(anonymous_0)
FN:10,(anonymous_1)
FN:16,(anonymous_2)
FN:18,(anonymous_3)
FN:19,(anonymous_4)
FNF:5
FNH:5
FNDA:5,(anonymous_0)
FNDA:7,(anonymous_1)
FNDA:5,(anonymous_2)
FNDA:12,(anonymous_3)
FNDA:12,(anonymous_4)
DA:4,1
DA:7,5
DA:11,7
DA:19,12
DA:20,12
DA:21,12
DA:22,12
LF:7
LH:7
BRF:0
BRH:0
end_of_record
TN:
SF:src/classes/commands/eval.js
FN:5,(anonymous_0)
FN:9,(anonymous_1)
FN:15,(anonymous_2)
FN:19,(anonymous_3)
FN:20,(anonymous_4)
FNF:5
FNH:5
FNDA:1,(anonymous_0)
FNDA:2,(anonymous_1)
FNDA:1,(anonymous_2)
FNDA:3,(anonymous_3)
FNDA:3,(anonymous_4)
DA:4,1
DA:6,1
DA:10,2
DA:16,1
DA:20,3
DA:21,3
DA:22,1
DA:24,3
DA:25,3
LF:9
LH:9
BRDA:21,0,0,1
BRDA:21,0,1,2
BRF:2
BRH:2
end_of_record
TN:
SF:src/classes/commands/fill.js
FN:6,(anonymous_0)
FN:10,(anonymous_1)
FN:16,(anonymous_2)
FN:18,(anonymous_3)
FN:19,(anonymous_4)
FNF:5
FNH:5
FNDA:4,(anonymous_0)
FNDA:5,(anonymous_1)
FNDA:4,(anonymous_2)
FNDA:11,(anonymous_3)
FNDA:11,(anonymous_4)
DA:4,1
DA:7,4
DA:11,5
DA:19,11
DA:20,11
DA:21,9
DA:22,9
DA:23,9
DA:24,9
DA:26,2
DA:28,2
DA:29,2
DA:30,2
DA:31,2
DA:32,2
DA:33,2
LF:16
LH:16
BRDA:20,0,0,9
BRDA:20,0,1,2
BRF:2
BRH:2
end_of_record
TN:
SF:src/classes/commands/fillCanvas.js
FN:6,(anonymous_0)
FN:10,(anonymous_1)
FN:16,(anonymous_2)
FN:18,(anonymous_3)
FN:19,(anonymous_4)
FNF:5
FNH:5
FNDA:2,(anonymous_0)
FNDA:2,(anonymous_1)
FNDA:2,(anonymous_2)
FNDA:7,(anonymous_3)
FNDA:7,(anonymous_4)
DA:4,1
DA:7,2
DA:11,2
DA:19,7
DA:20,7
DA:21,5
DA:22,5
DA:23,5
DA:24,5
DA:25,5
DA:26,5
DA:28,2
DA:30,2
DA:31,2
DA:32,2
DA:33,2
DA:34,2
DA:35,2
LF:18
LH:18
BRDA:20,0,0,5
BRDA:20,0,1,2
BRF:2
BRH:2
end_of_record
TN:
SF:src/classes/commands/fillText.js
FN:6,(anonymous_0)
FN:10,(anonymous_1)
FN:16,(anonymous_2)
FN:18,(anonymous_3)
FN:19,(anonymous_4)
FNF:5
FNH:5
FNDA:1,(anonymous_0)
FNDA:1,(anonymous_1)
FNDA:1,(anonymous_2)
FNDA:2,(anonymous_3)
FNDA:2,(anonymous_4)
DA:4,1
DA:7,1
DA:11,1
DA:19,2
DA:20,2
DA:22,2
DA:23,2
DA:24,2
DA:25,2
DA:27,2
DA:28,2
DA:30,2
DA:31,2
DA:33,2
DA:34,2
DA:35,2
LF:16
LH:16
BRF:0
BRH:0
end_of_record
TN:
SF:src/classes/commands/forward.js
FN:10,(anonymous_0)
FN:14,(anonymous_1)
FN:20,(anonymous_2)
FN:24,(anonymous_3)
FN:25,(anonymous_4)
FNF:5
FNH:5
FNDA:25,(anonymous_0)
FNDA:32,(anonymous_1)
FNDA:25,(anonymous_2)
FNDA:76,(anonymous_3)
FNDA:76,(anonymous_4)
DA:6,1
DA:8,1
DA:11,25
DA:15,32
DA:17,32
DA:21,25
DA:25,76
DA:26,76
DA:27,76
LF:9
LH:9
BRF:0
BRH:0
end_of_record
TN:
SF:src/classes/commands/left.js
FN:10,(anonymous_0)
FN:14,(anonymous_1)
FN:20,(anonymous_2)
FN:24,(anonymous_3)
FN:25,(anonymous_4)
FNF:5
FNH:5
FNDA:5,(anonymous_0)
FNDA:6,(anonymous_1)
FNDA:5,(anonymous_2)
FNDA:14,(anonymous_3)
FNDA:14,(anonymous_4)
DA:6,1
DA:8,1
DA:11,5
DA:15,6
DA:17,6
DA:21,5
DA:25,14
DA:26,14
DA:27,14
LF:9
LH:9
BRF:0
BRH:0
end_of_record
TN:
SF:src/classes/commands/move.js
FN:5,(anonymous_0)
FN:9,(anonymous_1)
FN:16,(anonymous_2)
FN:25,(anonymous_3)
FN:26,(anonymous_4)
FNF:5
FNH:5
FNDA:33,(anonymous_0)
FNDA:33,(anonymous_1)
FNDA:26,(anonymous_2)
FNDA:78,(anonymous_3)
FNDA:78,(anonymous_4)
DA:4,1
DA:6,33
DA:10,33
DA:17,26
DA:20,26
DA:26,78
DA:27,78
DA:28,78
DA:30,78
DA:31,26
DA:32,26
DA:35,78
DA:37,78
DA:38,76
DA:41,78
DA:42,26
DA:45,78
DA:46,78
LF:18
LH:18
BRDA:30,0,0,26
BRDA:30,0,1,52
BRDA:37,1,0,76
BRDA:37,1,1,2
BRDA:41,2,0,26
BRDA:41,2,1,52
BRF:6
BRH:6
end_of_record
TN:
SF:src/classes/commands/penDown.js
FN:8,(anonymous_0)
FN:12,(anonymous_1)
FN:18,(anonymous_2)
FN:20,(anonymous_3)
FN:21,(anonymous_4)
FNF:5
FNH:5
FNDA:2,(anonymous_0)
FNDA:2,(anonymous_1)
FNDA:2,(anonymous_2)
FNDA:4,(anonymous_3)
FNDA:4,(anonymous_4)
DA:4,1
DA:6,1
DA:9,2
DA:13,2
DA:21,4
DA:22,4
DA:23,4
LF:7
LH:7
BRF:0
BRH:0
end_of_record
TN:
SF:src/classes/commands/penUp.js
FN:8,(anonymous_0)
FN:12,(anonymous_1)
FN:18,(anonymous_2)
FN:20,(anonymous_3)
FN:21,(anonymous_4)
FNF:5
FNH:5
FNDA:2,(anonymous_0)
FNDA:2,(anonymous_1)
FNDA:2,(anonymous_2)
FNDA:4,(anonymous_3)
FNDA:4,(anonymous_4)
DA:4,1
DA:6,1
DA:9,2
DA:13,2
DA:21,4
DA:22,4
DA:23,4
LF:7
LH:7
BRF:0
BRH:0
end_of_record
TN:
SF:src/classes/commands/resetPosition.js
FN:6,(anonymous_0)
FN:10,(anonymous_1)
FN:16,(anonymous_2)
FN:18,(anonymous_3)
FN:19,(anonymous_4)
FNF:5
FNH:5
FNDA:1,(anonymous_0)
FNDA:1,(anonymous_1)
FNDA:1,(anonymous_2)
FNDA:2,(anonymous_3)
FNDA:2,(anonymous_4)
DA:4,1
DA:7,1
DA:11,1
DA:19,2
DA:20,2
DA:21,2
LF:6
LH:6
BRF:0
BRH:0
end_of_record
TN:
SF:src/classes/commands/right.js
FN:10,(anonymous_0)
FN:14,(anonymous_1)
FN:20,(anonymous_2)
FN:24,(anonymous_3)
FN:25,(anonymous_4)
FNF:5
FNH:5
FNDA:10,(anonymous_0)
FNDA:14,(anonymous_1)
FNDA:10,(anonymous_2)
FNDA:36,(anonymous_3)
FNDA:36,(anonymous_4)
DA:6,1
DA:8,1
DA:11,10
DA:15,14
DA:17,14
DA:21,10
DA:25,36
DA:26,36
DA:27,36
LF:9
LH:9
BRF:0
BRH:0
end_of_record
TN:
SF:src/classes/commands/setFillStyle.js
FN:8,(anonymous_0)
FN:12,(anonymous_1)
FN:18,(anonymous_2)
FN:20,(anonymous_3)
FN:21,(anonymous_4)
FNF:5
FNH:5
FNDA:1,(anonymous_0)
FNDA:1,(anonymous_1)
FNDA:1,(anonymous_2)
FNDA:2,(anonymous_3)
FNDA:2,(anonymous_4)
DA:4,1
DA:9,1
DA:13,1
DA:21,2
DA:22,2
DA:23,2
LF:6
LH:6
BRF:0
BRH:0
end_of_record
TN:
SF:src/classes/commands/setFont.js
FN:8,(anonymous_0)
FN:12,(anonymous_1)
FN:18,(anonymous_2)
FN:20,(anonymous_3)
FN:21,(anonymous_4)
FNF:5
FNH:5
FNDA:1,(anonymous_0)
FNDA:1,(anonymous_1)
FNDA:1,(anonymous_2)
FNDA:2,(anonymous_3)
FNDA:2,(anonymous_4)
DA:4,1
DA:9,1
DA:13,1
DA:21,2
DA:22,2
DA:23,2
LF:6
LH:6
BRF:0
BRH:0
end_of_record
TN:
SF:src/classes/commands/setIcon.js
FN:8,(anonymous_0)
FN:12,(anonymous_1)
FN:18,(anonymous_2)
FN:20,(anonymous_3)
FN:21,(anonymous_4)
FNF:5
FNH:0
FNDA:0,(anonymous_0)
FNDA:0,(anonymous_1)
FNDA:0,(anonymous_2)
FNDA:0,(anonymous_3)
FNDA:0,(anonymous_4)
DA:4,1
DA:9,0
DA:13,0
DA:21,0
DA:22,0
DA:24,0
DA:25,0
DA:26,0
DA:27,0
DA:28,0
DA:29,0
DA:31,0
DA:33,0
DA:34,0
LF:14
LH:1
BRF:0
BRH:0
end_of_record
TN:
SF:src/classes/commands/setImage.js
FN:8,(anonymous_0)
FN:12,(anonymous_1)
FN:18,(anonymous_2)
FN:20,(anonymous_3)
FN:21,(anonymous_4)
FNF:5
FNH:0
FNDA:0,(anonymous_0)
FNDA:0,(anonymous_1)
FNDA:0,(anonymous_2)
FNDA:0,(anonymous_3)
FNDA:0,(anonymous_4)
DA:4,1
DA:9,0
DA:13,0
DA:21,0
DA:22,0
DA:23,0
LF:6
LH:1
BRF:0
BRH:0
end_of_record
TN:
SF:src/classes/commands/setInitialPosition.js
FN:5,(anonymous_0)
FN:9,(anonymous_1)
FN:15,(anonymous_2)
FN:17,(anonymous_3)
FN:18,(anonymous_4)
FNF:5
FNH:5
FNDA:1,(anonymous_0)
FNDA:1,(anonymous_1)
FNDA:1,(anonymous_2)
FNDA:2,(anonymous_3)
FNDA:2,(anonymous_4)
DA:4,1
DA:6,1
DA:10,1
DA:18,2
DA:19,2
DA:20,2
LF:6
LH:6
BRF:0
BRH:0
end_of_record
TN:
SF:src/classes/commands/setInitialRotation.js
FN:6,(anonymous_0)
FN:10,(anonymous_1)
FN:16,(anonymous_2)
FN:18,(anonymous_3)
FN:19,(anonymous_4)
FNF:5
FNH:5
FNDA:1,(anonymous_0)
FNDA:1,(anonymous_1)
FNDA:1,(anonymous_2)
FNDA:2,(anonymous_3)
FNDA:2,(anonymous_4)
DA:4,1
DA:7,1
DA:11,1
DA:19,2
DA:20,2
DA:21,2
LF:6
LH:6
BRF:0
BRH:0
end_of_record
TN:
SF:src/classes/commands/setLineCap.js
FN:8,(anonymous_0)
FN:12,(anonymous_1)
FN:18,(anonymous_2)
FN:20,(anonymous_3)
FN:21,(anonymous_4)
FNF:5
FNH:5
FNDA:1,(anonymous_0)
FNDA:1,(anonymous_1)
FNDA:1,(anonymous_2)
FNDA:2,(anonymous_3)
FNDA:2,(anonymous_4)
DA:4,1
DA:9,1
DA:13,1
DA:21,2
DA:22,2
DA:23,2
DA:24,2
LF:7
LH:7
BRF:0
BRH:0
end_of_record
TN:
SF:src/classes/commands/setLineJoin.js
FN:8,(anonymous_0)
FN:12,(anonymous_1)
FN:18,(anonymous_2)
FN:20,(anonymous_3)
FN:21,(anonymous_4)
FNF:5
FNH:5
FNDA:1,(anonymous_0)
FNDA:1,(anonymous_1)
FNDA:1,(anonymous_2)
FNDA:2,(anonymous_3)
FNDA:2,(anonymous_4)
DA:4,1
DA:9,1
DA:13,1
DA:21,2
DA:22,2
DA:23,2
DA:24,2
LF:7
LH:7
BRF:0
BRH:0
end_of_record
TN:
SF:src/classes/commands/setLineWidth.js
FN:8,(anonymous_0)
FN:12,(anonymous_1)
FN:18,(anonymous_2)
FN:20,(anonymous_3)
FN:21,(anonymous_4)
FNF:5
FNH:5
FNDA:1,(anonymous_0)
FNDA:1,(anonymous_1)
FNDA:1,(anonymous_2)
FNDA:2,(anonymous_3)
FNDA:2,(anonymous_4)
DA:4,1
DA:9,1
DA:13,1
DA:21,2
DA:22,2
DA:23,2
DA:24,2
LF:7
LH:7
BRF:0
BRH:0
end_of_record
TN:
SF:src/classes/commands/setPosition.js
FN:5,(anonymous_0)
FN:9,(anonymous_1)
FN:15,(anonymous_2)
FN:17,(anonymous_3)
FN:18,(anonymous_4)
FNF:5
FNH:5
FNDA:1,(anonymous_0)
FNDA:1,(anonymous_1)
FNDA:1,(anonymous_2)
FNDA:2,(anonymous_3)
FNDA:2,(anonymous_4)
DA:4,1
DA:6,1
DA:10,1
DA:18,2
DA:19,2
DA:20,2
DA:22,2
DA:23,2
LF:8
LH:8
BRF:0
BRH:0
end_of_record
TN:
SF:src/classes/commands/setSize.js
FN:5,(anonymous_0)
FN:9,(anonymous_1)
FN:15,(anonymous_2)
FN:19,(anonymous_3)
FN:20,(anonymous_4)
FNF:5
FNH:5
FNDA:1,(anonymous_0)
FNDA:1,(anonymous_1)
FNDA:1,(anonymous_2)
FNDA:2,(anonymous_3)
FNDA:2,(anonymous_4)
DA:4,1
DA:6,1
DA:10,1
DA:16,1
DA:20,2
DA:21,2
DA:24,2
LF:7
LH:7
BRF:0
BRH:0
end_of_record
TN:
SF:src/classes/commands/setSpeed.js
FN:8,(anonymous_0)
FN:12,(anonymous_1)
FN:18,(anonymous_2)
FN:20,(anonymous_3)
FN:21,(anonymous_4)
FNF:5
FNH:5
FNDA:2,(anonymous_0)
FNDA:2,(anonymous_1)
FNDA:2,(anonymous_2)
FNDA:6,(anonymous_3)
FNDA:6,(anonymous_4)
DA:4,1
DA:9,2
DA:13,2
DA:21,6
DA:22,6
DA:23,6
LF:6
LH:6
BRF:0
BRH:0
end_of_record
TN:
SF:src/classes/commands/setStrokeActive.js
FN:8,(anonymous_0)
FN:12,(anonymous_1)
FN:18,(anonymous_2)
FN:20,(anonymous_3)
FN:21,(anonymous_4)
FNF:5
FNH:5
FNDA:1,(anonymous_0)
FNDA:1,(anonymous_1)
FNDA:1,(anonymous_2)
FNDA:2,(anonymous_3)
FNDA:2,(anonymous_4)
DA:4,1
DA:9,1
DA:13,1
DA:21,2
DA:22,2
DA:23,2
LF:6
LH:6
BRF:0
BRH:0
end_of_record
TN:
SF:src/classes/commands/setStrokeColorHSL.js
FN:8,(anonymous_0)
FN:12,(anonymous_1)
FN:22,(anonymous_2)
FN:26,(anonymous_3)
FN:27,(anonymous_4)
FNF:5
FNH:5
FNDA:1,(anonymous_0)
FNDA:1,(anonymous_1)
FNDA:1,(anonymous_2)
FNDA:2,(anonymous_3)
FNDA:2,(anonymous_4)
DA:6,1
DA:9,1
DA:13,1
DA:19,1
DA:23,1
DA:27,2
DA:28,2
DA:29,2
LF:8
LH:8
BRF:0
BRH:0
end_of_record
TN:
SF:src/classes/commands/setStrokeColorRGB.js
FN:8,(anonymous_0)
FN:12,(anonymous_1)
FN:20,(anonymous_2)
FN:24,(anonymous_3)
FN:25,(anonymous_4)
FNF:5
FNH:5
FNDA:1,(anonymous_0)
FNDA:1,(anonymous_1)
FNDA:1,(anonymous_2)
FNDA:2,(anonymous_3)
FNDA:2,(anonymous_4)
DA:6,1
DA:9,1
DA:13,1
DA:17,1
DA:21,1
DA:25,2
DA:26,2
DA:27,2
LF:8
LH:8
BRF:0
BRH:0
end_of_record
TN:
SF:src/classes/commands/setStrokeStyle.js
FN:8,(anonymous_0)
FN:12,(anonymous_1)
FN:18,(anonymous_2)
FN:20,(anonymous_3)
FN:21,(anonymous_4)
FNF:5
FNH:5
FNDA:3,(anonymous_0)
FNDA:3,(anonymous_1)
FNDA:3,(anonymous_2)
FNDA:6,(anonymous_3)
FNDA:6,(anonymous_4)
DA:4,1
DA:9,3
DA:13,3
DA:21,6
DA:22,6
DA:23,6
DA:28,6
LF:7
LH:7
BRF:0
BRH:0
end_of_record
TN:
SF:src/classes/commands/setTextAlign.js
FN:8,(anonymous_0)
FN:12,(anonymous_1)
FN:18,(anonymous_2)
FN:20,(anonymous_3)
FN:21,(anonymous_4)
FNF:5
FNH:5
FNDA:1,(anonymous_0)
FNDA:1,(anonymous_1)
FNDA:1,(anonymous_2)
FNDA:2,(anonymous_3)
FNDA:2,(anonymous_4)
DA:4,1
DA:9,1
DA:13,1
DA:21,2
DA:22,2
DA:23,2
LF:6
LH:6
BRF:0
BRH:0
end_of_record
TN:
SF:src/classes/commands/setTextBaseline.js
FN:8,(anonymous_0)
FN:12,(anonymous_1)
FN:18,(anonymous_2)
FN:20,(anonymous_3)
FN:21,(anonymous_4)
FNF:5
FNH:5
FNDA:1,(anonymous_0)
FNDA:1,(anonymous_1)
FNDA:1,(anonymous_2)
FNDA:2,(anonymous_3)
FNDA:2,(anonymous_4)
DA:4,1
DA:9,1
DA:13,1
DA:21,2
DA:22,2
DA:23,2
LF:6
LH:6
BRF:0
BRH:0
end_of_record
TN:
SF:src/classes/commands/sleep.js
FN:5,(anonymous_0)
FN:9,(anonymous_1)
FN:15,(anonymous_2)
FN:17,(anonymous_3)
FN:18,(anonymous_4)
FNF:5
FNH:5
FNDA:1,(anonymous_0)
FNDA:1,(anonymous_1)
FNDA:1,(anonymous_2)
FNDA:14,(anonymous_3)
FNDA:14,(anonymous_4)
DA:4,1
DA:6,1
DA:10,1
DA:18,14
DA:19,14
LF:5
LH:5
BRF:0
BRH:0
end_of_record
TN:
SF:src/classes/commands/stroke.js
FN:6,(anonymous_0)
FN:10,(anonymous_1)
FN:16,(anonymous_2)
FN:18,(anonymous_3)
FN:19,(anonymous_4)
FNF:5
FNH:5
FNDA:4,(anonymous_0)
FNDA:6,(anonymous_1)
FNDA:4,(anonymous_2)
FNDA:14,(anonymous_3)
FNDA:14,(anonymous_4)
DA:4,1
DA:7,4
DA:11,6
DA:19,14
DA:20,14
DA:21,10
DA:22,10
DA:23,10
DA:25,4
DA:27,4
DA:28,4
DA:29,4
DA:30,4
DA:31,4
DA:32,4
LF:15
LH:15
BRDA:20,0,0,10
BRDA:20,0,1,4
BRF:2
BRH:2
end_of_record
TN:
SF:src/classes/commands/strokeText.js
FN:6,(anonymous_0)
FN:10,(anonymous_1)
FN:16,(anonymous_2)
FN:18,(anonymous_3)
FN:19,(anonymous_4)
FNF:5
FNH:5
FNDA:1,(anonymous_0)
FNDA:1,(anonymous_1)
FNDA:1,(anonymous_2)
FNDA:2,(anonymous_3)
FNDA:2,(anonymous_4)
DA:4,1
DA:7,1
DA:11,1
DA:19,2
DA:20,2
DA:22,2
DA:23,2
DA:24,2
DA:26,2
DA:27,2
DA:28,2
DA:30,2
DA:31,2
DA:33,2
DA:34,2
DA:36,2
DA:37,2
DA:38,2
LF:18
LH:18
BRF:0
BRH:0
end_of_record
TN:
SF:src/classes/commands/turn.js
FN:6,(anonymous_0)
FN:10,(anonymous_1)
FN:20,(anonymous_2)
FN:22,(anonymous_3)
FN:23,(anonymous_4)
FNF:5
FNH:5
FNDA:22,(anonymous_0)
FNDA:22,(anonymous_1)
FNDA:17,(anonymous_2)
FNDA:54,(anonymous_3)
FNDA:54,(anonymous_4)
DA:4,1
DA:7,22
DA:11,22
DA:12,1
DA:14,22
DA:23,54
DA:24,54
DA:27,54
LF:8
LH:8
BRDA:11,0,0,1
BRDA:11,0,1,21
BRF:2
BRH:2
end_of_record
TN:
SF:src/classes/constructors/drawingCommand.js
FN:2,(anonymous_0)
FN:7,(anonymous_1)
FN:14,(anonymous_2)
FN:19,(anonymous_3)
FNF:4
FNH:4
FNDA:149,(anonymous_0)
FNDA:137,(anonymous_1)
FNDA:167,(anonymous_2)
FNDA:304,(anonymous_3)
DA:3,149
DA:4,149
DA:8,137
DA:9,137
DA:10,137
DA:11,137
DA:15,167
DA:16,167
DA:20,304
DA:21,304
DA:22,304
LF:11
LH:11
BRF:0
BRH:0
end_of_record
TN:
SF:src/classes/constructors/internalClass.js
FN:2,(anonymous_0)
FNF:1
FNH:1
FNDA:144,(anonymous_0)
DA:3,144
DA:4,144
DA:5,144
DA:6,144
LF:4
LH:4
BRF:0
BRH:0
end_of_record
TN:
SF:src/classes/internal/logger.js
FN:4,(anonymous_0)
FN:10,(anonymous_1)
FNF:2
FNH:2
FNDA:48,(anonymous_0)
FNDA:94,(anonymous_1)
DA:5,48
DA:7,48
DA:11,94
DA:12,94
DA:13,82
DA:14,82
DA:16,0
LF:7
LH:6
BRDA:12,0,0,82
BRDA:12,0,1,12
BRDA:13,1,0,82
BRDA:13,1,1,0
BRF:4
BRH:3
end_of_record
TN:
SF:src/classes/internal/state.js
FN:4,(anonymous_0)
FN:43,(anonymous_1)
FN:47,(anonymous_2)
FN:51,(anonymous_3)
FN:55,(anonymous_4)
FN:59,(anonymous_5)
FN:64,(anonymous_6)
FN:68,(anonymous_7)
FN:72,(anonymous_8)
FN:76,(anonymous_9)
FN:80,(anonymous_10)
FN:84,(anonymous_11)
FN:88,(anonymous_12)
FN:92,(anonymous_13)
FN:96,(anonymous_14)
FN:100,(anonymous_15)
FN:104,(anonymous_16)
FN:108,(anonymous_17)
FN:112,(anonymous_18)
FN:113,(anonymous_19)
FN:120,(anonymous_20)
FN:126,(anonymous_21)
FN:136,(anonymous_22)
FNF:23
FNH:21
FNDA:48,(anonymous_0)
FNDA:84,(anonymous_1)
FNDA:58,(anonymous_2)
FNDA:2,(anonymous_3)
FNDA:2,(anonymous_4)
FNDA:2,(anonymous_5)
FNDA:2,(anonymous_6)
FNDA:6,(anonymous_7)
FNDA:10,(anonymous_8)
FNDA:26,(anonymous_9)
FNDA:2,(anonymous_10)
FNDA:6,(anonymous_11)
FNDA:2,(anonymous_12)
FNDA:2,(anonymous_13)
FNDA:2,(anonymous_14)
FNDA:2,(anonymous_15)
FNDA:2,(anonymous_16)
FNDA:2,(anonymous_17)
FNDA:51,(anonymous_18)
FNDA:51,(anonymous_19)
FNDA:0,(anonymous_20)
FNDA:0,(anonymous_21)
FNDA:137,(anonymous_22)
DA:5,48
DA:7,48
DA:9,48
DA:18,48
DA:20,48
DA:21,48
DA:23,48
DA:25,48
DA:26,48
DA:27,48
DA:28,48
DA:30,48
DA:32,48
DA:33,48
DA:34,48
DA:36,48
DA:37,48
DA:39,48
DA:40,48
DA:44,84
DA:48,58
DA:52,2
DA:56,2
DA:60,2
DA:61,2
DA:65,2
DA:69,6
DA:73,10
DA:77,26
DA:81,2
DA:85,6
DA:89,2
DA:93,2
DA:97,2
DA:101,2
DA:105,2
DA:109,2
DA:113,51
DA:114,51
DA:115,51
DA:119,0
DA:120,0
DA:121,0
DA:122,0
DA:123,0
DA:126,0
DA:127,0
DA:130,0
DA:131,0
DA:137,137
LF:50
LH:41
BRDA:10,0,0,46
BRDA:10,0,1,2
BRDA:13,1,0,46
BRDA:13,1,1,2
BRDA:18,2,0,0
BRDA:18,2,1,48
BRDA:114,3,0,51
BRDA:114,3,1,0
BRDA:114,4,0,51
BRDA:114,4,1,51
BRDA:114,4,2,0
BRF:11
BRH:8
end_of_record
TN:
SF:src/classes/internal/task.js
FN:9,(anonymous_0)
FN:15,(anonymous_1)
FN:20,(anonymous_2)
FN:26,(anonymous_3)
FN:27,(anonymous_4)
FN:33,(anonymous_5)
FNF:6
FNH:6
FNDA:94,(anonymous_0)
FNDA:112,(anonymous_1)
FNDA:94,(anonymous_2)
FNDA:265,(anonymous_3)
FNDA:265,(anonymous_4)
FNDA:94,(anonymous_5)
DA:3,1
DA:4,1
DA:5,38
DA:10,94
DA:11,94
DA:12,94
DA:16,112
DA:17,112
DA:21,94
DA:22,94
DA:23,94
DA:27,265
DA:28,265
DA:29,265
DA:34,94
LF:15
LH:15
BRF:0
BRH:0
end_of_record
TN:
SF:src/classes/internal/taskHandler.js
FN:6,(anonymous_0)
FN:16,(anonymous_1)
FN:20,(anonymous_2)
FN:44,(anonymous_3)
FN:45,(anonymous_4)
FN:59,(anonymous_5)
FN:104,(anonymous_6)
FN:110,(anonymous_7)
FN:217,(anonymous_8)
FNF:9
FNH:9
FNDA:48,(anonymous_0)
FNDA:94,(anonymous_1)
FNDA:197,(anonymous_2)
FNDA:51,(anonymous_3)
FNDA:51,(anonymous_4)
FNDA:51,(anonymous_5)
FNDA:51,(anonymous_6)
FNDA:146,(anonymous_7)
FNDA:70,(anonymous_8)
DA:7,48
DA:8,48
DA:9,48
DA:10,48
DA:11,48
DA:13,48
DA:17,94
DA:21,197
DA:22,0
DA:25,197
DA:26,197
DA:29,0
DA:31,0
DA:32,0
DA:33,0
DA:34,0
DA:35,0
DA:37,0
DA:38,0
DA:39,0
DA:40,0
DA:41,0
DA:45,51
DA:46,51
DA:47,0
DA:48,0
DA:51,51
DA:53,51
DA:54,0
DA:55,0
DA:59,51
DA:60,51
DA:63,51
DA:64,51
DA:65,94
DA:68,51
DA:70,51
DA:71,51
DA:73,51
DA:74,51
DA:75,51
DA:76,51
DA:77,51
DA:79,51
DA:84,48
DA:85,48
DA:86,48
DA:87,48
DA:88,48
DA:91,51
DA:94,46
DA:95,46
DA:96,46
DA:97,46
DA:98,46
DA:101,51
DA:103,51
DA:104,51
DA:105,51
DA:112,146
DA:113,75
DA:115,75
DA:116,5
DA:118,70
DA:122,75
DA:123,23
DA:126,71
DA:130,146
DA:133,146
DA:134,146
DA:138,146
DA:139,94
DA:140,23
DA:142,71
DA:147,146
DA:148,77
DA:151,146
DA:154,146
DA:157,94
DA:160,94
DA:162,94
DA:168,94
DA:171,94
DA:173,94
DA:174,94
DA:177,94
DA:178,51
DA:180,51
DA:181,51
DA:186,51
DA:188,51
DA:189,46
DA:192,43
DA:193,43
DA:194,43
DA:196,43
DA:197,18
DA:202,43
DA:209,43
DA:213,146
DA:215,146
DA:216,95
DA:217,70
DA:218,70
DA:221,25
LF:105
LH:89
BRDA:21,0,0,0
BRDA:21,0,1,197
BRDA:25,1,0,197
BRDA:25,1,1,0
BRDA:46,2,0,0
BRDA:46,2,1,51
BRDA:53,3,0,0
BRDA:53,3,1,51
BRDA:79,4,0,48
BRDA:79,4,1,3
BRDA:91,5,0,46
BRDA:91,5,1,5
BRDA:112,6,0,75
BRDA:112,6,1,71
BRDA:115,7,0,5
BRDA:115,7,1,70
BRDA:122,8,0,23
BRDA:122,8,1,52
BRDA:130,9,0,146
BRDA:130,9,1,0
BRDA:138,10,0,94
BRDA:138,10,1,52
BRDA:139,11,0,23
BRDA:139,11,1,71
BRDA:147,12,0,77
BRDA:147,12,1,69
BRDA:154,13,0,94
BRDA:154,13,1,52
BRDA:160,14,0,94
BRDA:160,14,1,0
BRDA:160,15,0,94
BRDA:160,15,1,94
BRDA:160,15,2,94
BRDA:171,16,0,94
BRDA:171,16,1,0
BRDA:177,17,0,51
BRDA:177,17,1,43
BRDA:188,18,0,46
BRDA:188,18,1,5
BRDA:196,19,0,18
BRDA:196,19,1,25
BRDA:215,20,0,95
BRDA:215,20,1,51
BRDA:216,21,0,70
BRDA:216,21,1,25
BRF:45
BRH:38
end_of_record
TN:
SF:src/definitions/commandNames.js
FNF:0
FNH:0
LF:0
LH:0
BRF:0
BRH:0
end_of_record
TN:
SF:src/definitions/standardOptions.js
FNF:0
FNH:0
LF:0
LH:0
BRF:0
BRH:0
end_of_record
